<?xml version="1.0" encoding="UTF-8"?>
<robot generator="Robot 7.4.2 (Python 3.10.12 on linux)" generated="2026-03-11T17:11:01.948887" rpa="false" schemaversion="5">
<suite id="s1" name="Test" source="/home/citco/Desktop/robotframework_garces/Tests/test.robot">
<kw name="Suite Init" type="SETUP">
<kw name="Launch Browser" owner="App">
<kw name="Open Browser" owner="SeleniumLibrary">
<msg time="2026-03-11T17:11:02.173240" level="INFO">Opening browser 'chrome' to base url 'https://marmelab.com/react-admin-demo'.</msg>
<arg>${url}</arg>
<arg>chrome</arg>
<arg>options=add_argument("--start-maximized")</arg>
<doc>Opens a new browser instance to the optional ``url``.</doc>
<status status="PASS" start="2026-03-11T17:11:02.172905" elapsed="1.934554"/>
</kw>
<kw name="Wait Until Element Is Visible" owner="SeleniumLibrary">
<arg>${login_txt_username}</arg>
<doc>Waits until the element ``locator`` is visible.</doc>
<status status="PASS" start="2026-03-11T17:11:04.107876" elapsed="0.480510"/>
</kw>
<status status="PASS" start="2026-03-11T17:11:02.171905" elapsed="2.416806"/>
</kw>
<kw name="Login User" owner="App">
<kw name="Input Text" owner="SeleniumLibrary">
<msg time="2026-03-11T17:11:04.590340" level="INFO">Typing text 'demo' into text field '//*[@id=":r0:"]'.</msg>
<arg>${login_txt_username}</arg>
<arg>${username}</arg>
<doc>Types the given ``text`` into the text field identified by ``locator``.</doc>
<status status="PASS" start="2026-03-11T17:11:04.589816" elapsed="0.131642"/>
</kw>
<kw name="Input Text" owner="SeleniumLibrary">
<msg time="2026-03-11T17:11:04.722535" level="INFO">Typing text 'demo' into text field '//*[@id=":r2:"]'.</msg>
<arg>${login_txt_password}</arg>
<arg>${password}</arg>
<doc>Types the given ``text`` into the text field identified by ``locator``.</doc>
<status status="PASS" start="2026-03-11T17:11:04.721915" elapsed="0.125529"/>
</kw>
<kw name="Capture Page Screenshot" owner="SeleniumLibrary">
<msg time="2026-03-11T17:11:04.960526" level="INFO" html="true">&lt;/td&gt;&lt;/tr&gt;&lt;tr&gt;&lt;td colspan="3"&gt;&lt;a href="selenium-screenshot-119.png"&gt;&lt;img src="selenium-screenshot-119.png" width="800px"&gt;&lt;/a&gt;</msg>
<doc>Takes a screenshot of the current page and embeds it into a log file.</doc>
<status status="PASS" start="2026-03-11T17:11:04.847826" elapsed="0.112909"/>
</kw>
<kw name="Click Button" owner="SeleniumLibrary">
<msg time="2026-03-11T17:11:04.961521" level="INFO">Clicking button '//button[@type="submit"]'.</msg>
<arg>${login_btn_submit}</arg>
<doc>Clicks the button identified by ``locator``.</doc>
<status status="PASS" start="2026-03-11T17:11:04.961066" elapsed="0.137753"/>
</kw>
<kw name="Wait Until Element Is Visible" owner="SeleniumLibrary">
<arg>${main_content}</arg>
<doc>Waits until the element ``locator`` is visible.</doc>
<status status="PASS" start="2026-03-11T17:11:05.099227" elapsed="0.181444"/>
</kw>
<status status="PASS" start="2026-03-11T17:11:04.589195" elapsed="0.691688"/>
</kw>
<kw name="Get Users" owner="CommonLibrary">
<msg time="2026-03-11T17:11:05.927565" level="INFO">[
  {
    "id": 1,
    "username": "Bret",
    "email": "Sincere@april.biz",
    "address": {
      "street": "Kulas Light",
      "suite": "Apt. 556",
      "city": "Gwenborough",
      "zipcode": "92998-3874",
      "geo": {
        "lat": "-37.3159",
        "lng": "81.1496"
      },
      "stateAbbr": "KAG"
    },
    "phone": "1-770-736-8031 x56442",
    "website": "hildegard.org",
    "company": {
      "name": "Romaguera-Crona",
      "catchPhrase": "Multi-layered client-server neural-net",
      "bs": "harness real-time e-markets"
    },
    "first_name": "Leanne",
    "last_name": "Graham",
    "birthday": "03/16/2003",
    "password": "eIYEFPK4"
  },
  {
    "id": 2,
    "username": "Antonette",
    "email": "Shanna@melissa.tv",
    "address": {
      "street": "Victor Plains",
      "suite": "Suite 879",
      "city": "Wisokyburgh",
      "zipcode": "90566-7771",
      "geo": {
        "lat": "-43.9509",
        "lng": "-34.4618"
      },
      "stateAbbr": "VSW"
    },
    "phone": "010-692-6593 x09125",
    "website": "anastasia.net",
    "company": {
      "name": "Deckow-Crist",
      "catchPhrase": "Proactive didactic contingency",
      "bs": "synergize scalable supply-chains"
    },
    "first_name": "Ervin",
    "last_name": "Howell",
    "birthday": "09/22/2004",
    "password": "ViunrQUO"
  },
  {
    "id": 3,
    "username": "Samantha",
    "email": "Nathan@yesenia.net",
    "address": {
      "street": "Douglas Extension",
      "suite": "Suite 847",
      "city": "McKenziehaven",
      "zipcode": "59590-4157",
      "geo": {
        "lat": "-68.6102",
        "lng": "-47.0653"
      },
      "stateAbbr": "DSM"
    },
    "phone": "1-463-123-4447",
    "website": "ramiro.info",
    "company": {
      "name": "Romaguera-Jacobson",
      "catchPhrase": "Face to face bifurcated interface",
      "bs": "e-enable strategic applications"
    },
    "first_name": "Clementine",
    "last_name": "Bauch",
    "birthday": "04/10/2004",
    "password": "rHvKFabA"
  },
  {
    "id": 4,
    "username": "Karianne",
    "email": "Julianne.OConner@kory.org",
    "address": {
      "street": "Hoeger Mall",
      "suite": "Apt. 692",
      "city": "South Elvis",
      "zipcode": "53919-4257",
      "geo": {
        "lat": "29.4572",
        "lng": "-164.2990"
      },
      "stateAbbr": "HAS"
    },
    "phone": "493-170-9623 x156",
    "website": "kale.biz",
    "company": {
      "name": "Robel-Corkery",
      "catchPhrase": "Multi-tiered zero tolerance productivity",
      "bs": "transition cutting-edge web services"
    },
    "first_name": "Patricia",
    "last_name": "Lebsack",
    "birthday": "06/17/1999",
    "password": "wuJDtBkf"
  },
  {
    "id": 5,
    "username": "Kamren",
    "email": "Lucio_Hettinger@annie.ca",
    "address": {
      "street": "Skiles Walks",
      "suite": "Suite 351",
      "city": "Roscoeview",
      "zipcode": "33263",
      "geo": {
        "lat": "-31.8129",
        "lng": "62.5342"
      },
      "stateAbbr": "SSR"
    },
    "phone": "(254)954-1289",
    "website": "demarco.info",
    "company": {
      "name": "Keebler LLC",
      "catchPhrase": "User-centric fault-tolerant solution",
      "bs": "revolutionize end-to-end systems"
    },
    "first_name": "Chelsey",
    "last_name": "Dietrich",
    "birthday": "09/18/1999",
    "password": "0UXw7Sr!"
  },
  {
    "id": 6,
    "username": "Leopoldo_Corkery",
    "email": "Karley_Dach@jasper.info",
    "address": {
      "street": "Norberto Crossing",
      "suite": "Apt. 950",
      "city": "South Christy",
      "zipcode": "23505-1337",
      "geo": {
        "lat": "-71.4197",
        "lng": "71.7478"
      },
      "stateAbbr": "NAS"
    },
    "phone": "1-477-935-8478 x6430",
    "website": "ola.org",
    "company": {
      "name": "Considine-Lockman",
      "catchPhrase": "Synchronised bottom-line interface",
      "bs": "e-enable innovative applications"
    },
    "first_name": "Dennis",
    "last_name": "Schulist",
    "birthday": "11/05/2001",
    "password": "2ohIBcPJ"
  },
  {
    "id": 7,
    "username": "Elwyn.Skiles",
    "email": "Telly.Hoeger@billy.biz",
    "address": {
      "street": "Rex Trail",
      "suite": "Suite 280",
      "city": "Howemouth",
      "zipcode": "58804-1099",
      "geo": {
        "lat": "24.8918",
        "lng": "21.8984"
      },
      "stateAbbr": "RSH"
    },
    "phone": "210.067.6132",
    "website": "elvis.io",
    "company": {
      "name": "Johns Group",
      "catchPhrase": "Configurable multimedia task-force",
      "bs": "generate enterprise e-tailers"
    },
    "first_name": "Kurtis",
    "last_name": "Weissnat",
    "birthday": "01/01/2000",
    "password": "gSKZVD95"
  },
  {
    "id": 8,
    "username": "Maxime_Nienow",
    "email": "Sherwood@rosamond.me",
    "address": {
      "street": "Ellsworth Summit",
      "suite": "Suite 729",
      "city": "Aliyaview",
      "zipcode": "45169",
      "geo": {
        "lat": "-14.3990",
        "lng": "-120.7677"
      },
      "stateAbbr": "ESA"
    },
    "phone": "586.493.6943 x140",
    "website": "jacynthe.com",
    "company": {
      "name": "Abernathy Group",
      "catchPhrase": "Implemented secondary concept",
      "bs": "e-enable extensible e-tailers"
    },
    "first_name": "Nicholas",
    "last_name": "Runolfsdottir",
    "birthday": "04/27/1999",
    "password": "rVi7U$N3"
  },
  {
    "id": 9,
    "username": "Delphine",
    "email": "Chaim_McDermott@dana.io",
    "address": {
      "street": "Dayna Park",
      "suite": "Suite 449",
      "city": "Bartholomebury",
      "zipcode": "76495-3109",
      "geo": {
        "lat": "24.6463",
        "lng": "-168.8889"
      },
      "stateAbbr": "DSB"
    },
    "phone": "(775)976-6794 x41206",
    "website": "conrad.com",
    "company": {
      "name": "Yost and Sons",
      "catchPhrase": "Switchable contextually-based project",
      "bs": "aggregate real-time technologies"
    },
    "first_name": "Glenna",
    "last_name": "Reichert",
    "birthday": "05/27/2001",
    "password": "CWq03Zqx"
  },
  {
    "id": 10,
    "username": "Moriah.Stanton",
    "email": "Rey.Padberg@karina.biz",
    "address": {
      "street": "Kattie Turnpike",
      "suite": "Suite 198",
      "city": "Lebsackbury",
      "zipcode": "31428-2261",
      "geo": {
        "lat": "-38.2386",
        "lng": "57.2232"
      },
      "stateAbbr": "KSL"
    },
    "phone": "024-648-3804",
    "website": "ambrose.net",
    "company": {
      "name": "Hoeger LLC",
      "catchPhrase": "Centralized empowering task-force",
      "bs": "target end-to-end models"
    },
    "first_name": "Clementina",
    "last_name": "DuBuque",
    "birthday": "09/12/2006",
    "password": "RCQBrkya"
  }
]</msg>
<msg time="2026-03-11T17:11:05.927747" level="INFO">/home/citco/Desktop/robotframework_garces/robotenv/lib/python3.10/site-packages/urllib3/connectionpool.py:1097: InsecureRequestWarning: Unverified HTTPS request is being made to host 'jsonplaceholder.typicode.com'. Adding certificate verification is strongly advised. See: https://urllib3.readthedocs.io/en/latest/advanced-usage.html#tls-warnings
  warnings.warn(</msg>
<msg time="2026-03-11T17:11:05.928108" level="INFO">${users} = [{'id': 1, 'username': 'Bret', 'email': 'Sincere@april.biz', 'address': {'street': 'Kulas Light', 'suite': 'Apt. 556', 'city': 'Gwenborough', 'zipcode': '92998-3874', 'geo': {'lat': '-37.3159', 'lng':...</msg>
<var>${users}</var>
<status status="PASS" start="2026-03-11T17:11:05.281134" elapsed="0.647048"/>
</kw>
<kw name="Set Suite Variable" owner="BuiltIn">
<msg time="2026-03-11T17:11:05.929409" level="INFO">${USERS} = [{'id': 1, 'username': 'Bret', 'email': 'Sincere@april.biz', 'address': {'street': 'Kulas Light', 'suite': 'Apt. 556', 'city': 'Gwenborough', 'zipcode': '92998-3874', 'geo': {'lat': '-37.3159', 'lng':...</msg>
<arg>${USERS}</arg>
<arg>${users}</arg>
<doc>Makes a variable available everywhere within the scope of the current suite.</doc>
<status status="PASS" start="2026-03-11T17:11:05.928507" elapsed="0.001010"/>
</kw>
<status status="PASS" start="2026-03-11T17:11:02.171465" elapsed="3.758209"/>
</kw>
<test id="s1-t1" name="TEST-2" line="19">
<kw name="Update Multiple Customers" owner="Customer">
<kw name="Set Variable" owner="BuiltIn">
<msg time="2026-03-11T17:11:05.932441" level="INFO">${row_number} = 1</msg>
<var>${row_number}</var>
<arg>${start_row}</arg>
<doc>Returns the given values which can then be assigned to a variables.</doc>
<status status="PASS" start="2026-03-11T17:11:05.931751" elapsed="0.000769"/>
</kw>
<for flavor="IN">
<iter>
<kw name="Log To Console" owner="BuiltIn">
<arg>\n--- Updating row ${row_number} with ${user['first_name']} ${user['last_name']} ---</arg>
<doc>Logs the given message to the console.</doc>
<status status="PASS" start="2026-03-11T17:11:05.933464" elapsed="0.007632"/>
</kw>
<kw name="Open Edit For Row" owner="Customer">
<kw name="Navigate" owner="App">
<kw name="Set Variable" owner="BuiltIn">
<msg time="2026-03-11T17:11:05.943586" level="INFO">${sub_menu_loc} = //a[descendant::p[text()="Customers"]]</msg>
<var>${sub_menu_loc}</var>
<arg>//a[descendant::p[text()="${sub_menu}"]]</arg>
<doc>Returns the given values which can then be assigned to a variables.</doc>
<status status="PASS" start="2026-03-11T17:11:05.942774" elapsed="0.000879"/>
</kw>
<kw name="Run Keyword And Return Status" owner="BuiltIn">
<kw name="Element Should Be Visible" owner="SeleniumLibrary">
<msg time="2026-03-11T17:11:06.067457" level="INFO">Element '//a[descendant::p[text()="Customers"]]' is displayed.</msg>
<arg>${sub_menu_loc}</arg>
<doc>Verifies that the element identified by ``locator`` is visible.</doc>
<status status="PASS" start="2026-03-11T17:11:05.944582" elapsed="0.123062"/>
</kw>
<msg time="2026-03-11T17:11:06.067900" level="INFO">${status} = True</msg>
<var>${status}</var>
<arg>Element Should Be Visible</arg>
<arg>${sub_menu_loc}</arg>
<doc>Runs the specified keyword and returns the status as a Boolean value.</doc>
<status status="PASS" start="2026-03-11T17:11:05.943901" elapsed="0.124052"/>
</kw>
<if>
<branch type="IF" condition="not ${status}">
<kw name="Get Parent Menu" owner="App">
<var>${parent_menu}</var>
<arg>${sub_menu}</arg>
<status status="NOT RUN" start="2026-03-11T17:11:06.068731" elapsed="0.000107"/>
</kw>
<kw name="Click Element" owner="SeleniumLibrary">
<arg>${parent_menu}</arg>
<doc>Click the element identified by ``locator``.</doc>
<status status="NOT RUN" start="2026-03-11T17:11:06.069273" elapsed="0.000084"/>
</kw>
<kw name="Wait Until Element Is Visible" owner="SeleniumLibrary">
<arg>${sub_menu_loc}</arg>
<doc>Waits until the element ``locator`` is visible.</doc>
<status status="NOT RUN" start="2026-03-11T17:11:06.069571" elapsed="0.000078"/>
</kw>
<status status="NOT RUN" start="2026-03-11T17:11:06.068158" elapsed="0.001565"/>
</branch>
<status status="PASS" start="2026-03-11T17:11:06.068098" elapsed="0.001701"/>
</if>
<kw name="Click Element" owner="SeleniumLibrary">
<msg time="2026-03-11T17:11:06.070475" level="INFO">Clicking element '//a[descendant::p[text()="Customers"]]'.</msg>
<arg>${sub_menu_loc}</arg>
<doc>Click the element identified by ``locator``.</doc>
<status status="PASS" start="2026-03-11T17:11:06.069959" elapsed="0.097378"/>
</kw>
<kw name="Wait Until Element Is Visible" owner="SeleniumLibrary">
<arg>//h6[//span[text()="${sub_menu}"]]</arg>
<doc>Waits until the element ``locator`` is visible.</doc>
<status status="PASS" start="2026-03-11T17:11:06.167763" elapsed="0.256663"/>
</kw>
<kw name="Run Keyword If" owner="BuiltIn">
<kw name="Sleep" owner="BuiltIn">
<msg time="2026-03-11T17:11:08.425844" level="INFO">Slept 2 seconds.</msg>
<arg>2s</arg>
<doc>Pauses the test executed for the given time.</doc>
<status status="PASS" start="2026-03-11T17:11:06.425404" elapsed="2.000644"/>
</kw>
<arg>"${sub_menu}" == "Customers"</arg>
<arg>Sleep</arg>
<arg>2s</arg>
<doc>Runs the given keyword with the given arguments, if ``condition`` is true.</doc>
<status status="PASS" start="2026-03-11T17:11:06.424744" elapsed="2.001457"/>
</kw>
<arg>Customers</arg>
<status status="PASS" start="2026-03-11T17:11:05.942292" elapsed="2.484050"/>
</kw>
<kw name="Wait Until Element Is Visible" owner="SeleniumLibrary">
<arg>((//tbody//tr)[${row_number}]//td)[2]</arg>
<arg>timeout=15s</arg>
<doc>Waits until the element ``locator`` is visible.</doc>
<status status="PASS" start="2026-03-11T17:11:08.426602" elapsed="0.027983"/>
</kw>
<kw name="Click Element" owner="SeleniumLibrary">
<msg time="2026-03-11T17:11:08.455402" level="INFO">Clicking element '((//tbody//tr)[1]//td)[2]'.</msg>
<arg>((//tbody//tr)[${row_number}]//td)[2]</arg>
<doc>Click the element identified by ``locator``.</doc>
<status status="PASS" start="2026-03-11T17:11:08.454947" elapsed="0.096828"/>
</kw>
<kw name="Wait Until Element Is Visible" owner="SeleniumLibrary">
<arg>${cust_txt_first_name}</arg>
<arg>timeout=15s</arg>
<doc>Waits until the element ``locator`` is visible.</doc>
<status status="PASS" start="2026-03-11T17:11:08.552283" elapsed="0.263767"/>
</kw>
<arg>${row_number}</arg>
<status status="PASS" start="2026-03-11T17:11:05.941541" elapsed="2.874753"/>
</kw>
<kw name="Create List" owner="BuiltIn">
<msg time="2026-03-11T17:11:08.824479" level="INFO">${values} = ['Dennis', 'Schulist', 'Karley_Dach@jasper.info', '11/05/2001', 'Norberto Crossing Apt. 950', 'South Christy', 'NAS', '23505-1337', '2ohIBcPJ', '2ohIBcPJ']</msg>
<var>${values}</var>
<arg>${user['first_name']}</arg>
<arg>${user['last_name']}</arg>
<arg>${user['email']}</arg>
<arg>${user['birthday']}</arg>
<arg>${user["address"]["street"]} ${user["address"]["suite"]}</arg>
<arg>${user["address"]["city"]}</arg>
<arg>${user["address"]["stateAbbr"]}</arg>
<arg>${user["address"]["zipcode"]}</arg>
<arg>${user['password']}</arg>
<arg>${user['password']}</arg>
<doc>Returns a list containing given items.</doc>
<status status="PASS" start="2026-03-11T17:11:08.816590" elapsed="0.007978"/>
</kw>
<for flavor="IN ENUMERATE">
<iter>
<kw name="Set Variable" owner="BuiltIn">
<msg time="2026-03-11T17:11:08.827282" level="INFO">${value} = Dennis</msg>
<var>${value}</var>
<arg>${values[${i}]}</arg>
<doc>Returns the given values which can then be assigned to a variables.</doc>
<status status="PASS" start="2026-03-11T17:11:08.825526" elapsed="0.001845"/>
</kw>
<if>
<branch type="IF" condition="'${locator}' == '${cust_txt_birthday}'">
<kw name="Input Text" owner="SeleniumLibrary">
<arg>${locator}</arg>
<arg>${value}</arg>
<doc>Types the given ``text`` into the text field identified by ``locator``.</doc>
<status status="NOT RUN" start="2026-03-11T17:11:08.828000" elapsed="0.000059"/>
</kw>
<status status="NOT RUN" start="2026-03-11T17:11:08.827584" elapsed="0.000556"/>
</branch>
<branch type="ELSE">
<kw name="Clear And Type" owner="Customer">
<kw name="Wait Until Element Is Visible" owner="SeleniumLibrary">
<arg>${locator}</arg>
<doc>Waits until the element ``locator`` is visible.</doc>
<status status="PASS" start="2026-03-11T17:11:08.829011" elapsed="0.037859"/>
</kw>
<kw name="Click Element" owner="SeleniumLibrary">
<msg time="2026-03-11T17:11:08.867760" level="INFO">Clicking element '//input[@name="first_name"]'.</msg>
<arg>${locator}</arg>
<doc>Click the element identified by ``locator``.</doc>
<status status="PASS" start="2026-03-11T17:11:08.867243" elapsed="0.099034"/>
</kw>
<kw name="Press Keys" owner="SeleniumLibrary">
<msg time="2026-03-11T17:11:08.967398" level="INFO">Sending key(s) ('CTRL+a', 'BACKSPACE') to //input[@name="first_name"] element.</msg>
<msg time="2026-03-11T17:11:09.257455" level="INFO">Pressing special key CONTROL down.</msg>
<msg time="2026-03-11T17:11:09.257600" level="INFO">Sending key a</msg>
<msg time="2026-03-11T17:11:09.257666" level="INFO">Releasing special key CONTROL.</msg>
<msg time="2026-03-11T17:11:09.264844" level="INFO">Pressing special key BACKSPACE to element.</msg>
<msg time="2026-03-11T17:11:09.264988" level="INFO">Releasing special key BACKSPACE.</msg>
<arg>${locator}</arg>
<arg>CTRL+a</arg>
<arg>BACKSPACE</arg>
<doc>Simulates the user pressing key(s) to an element or on the active browser.</doc>
<status status="PASS" start="2026-03-11T17:11:08.966645" elapsed="0.315982"/>
</kw>
<kw name="Sleep" owner="BuiltIn">
<msg time="2026-03-11T17:11:09.383815" level="INFO">Slept 100 milliseconds.</msg>
<arg>0.1s</arg>
<doc>Pauses the test executed for the given time.</doc>
<status status="PASS" start="2026-03-11T17:11:09.283015" elapsed="0.101092"/>
</kw>
<kw name="Input Text" owner="SeleniumLibrary">
<msg time="2026-03-11T17:11:09.385020" level="INFO">Typing text 'Dennis' into text field '//input[@name="first_name"]'.</msg>
<arg>${locator}</arg>
<arg>${value}</arg>
<doc>Types the given ``text`` into the text field identified by ``locator``.</doc>
<status status="PASS" start="2026-03-11T17:11:09.384484" elapsed="0.104937"/>
</kw>
<arg>${locator}</arg>
<arg>${value}</arg>
<status status="PASS" start="2026-03-11T17:11:08.828461" elapsed="0.661247"/>
</kw>
<status status="PASS" start="2026-03-11T17:11:08.828198" elapsed="0.661612"/>
</branch>
<status status="PASS" start="2026-03-11T17:11:08.827530" elapsed="0.662363"/>
</if>
<var name="${i}">0</var>
<var name="${locator}">//input[@name="first_name"]</var>
<status status="PASS" start="2026-03-11T17:11:08.825264" elapsed="0.664688"/>
</iter>
<iter>
<kw name="Set Variable" owner="BuiltIn">
<msg time="2026-03-11T17:11:09.492121" level="INFO">${value} = Schulist</msg>
<var>${value}</var>
<arg>${values[${i}]}</arg>
<doc>Returns the given values which can then be assigned to a variables.</doc>
<status status="PASS" start="2026-03-11T17:11:09.490678" elapsed="0.001512"/>
</kw>
<if>
<branch type="IF" condition="'${locator}' == '${cust_txt_birthday}'">
<kw name="Input Text" owner="SeleniumLibrary">
<arg>${locator}</arg>
<arg>${value}</arg>
<doc>Types the given ``text`` into the text field identified by ``locator``.</doc>
<status status="NOT RUN" start="2026-03-11T17:11:09.492740" elapsed="0.000054"/>
</kw>
<status status="NOT RUN" start="2026-03-11T17:11:09.492373" elapsed="0.000494"/>
</branch>
<branch type="ELSE">
<kw name="Clear And Type" owner="Customer">
<kw name="Wait Until Element Is Visible" owner="SeleniumLibrary">
<arg>${locator}</arg>
<doc>Waits until the element ``locator`` is visible.</doc>
<status status="PASS" start="2026-03-11T17:11:09.493745" elapsed="0.020005"/>
</kw>
<kw name="Click Element" owner="SeleniumLibrary">
<msg time="2026-03-11T17:11:09.514558" level="INFO">Clicking element '//input[@name="last_name"]'.</msg>
<arg>${locator}</arg>
<doc>Click the element identified by ``locator``.</doc>
<status status="PASS" start="2026-03-11T17:11:09.514108" elapsed="0.080219"/>
</kw>
<kw name="Press Keys" owner="SeleniumLibrary">
<msg time="2026-03-11T17:11:09.595554" level="INFO">Sending key(s) ('CTRL+a', 'BACKSPACE') to //input[@name="last_name"] element.</msg>
<msg time="2026-03-11T17:11:09.874447" level="INFO">Pressing special key CONTROL down.</msg>
<msg time="2026-03-11T17:11:09.874673" level="INFO">Sending key a</msg>
<msg time="2026-03-11T17:11:09.874808" level="INFO">Releasing special key CONTROL.</msg>
<msg time="2026-03-11T17:11:09.885669" level="INFO">Pressing special key BACKSPACE to element.</msg>
<msg time="2026-03-11T17:11:09.885926" level="INFO">Releasing special key BACKSPACE.</msg>
<arg>${locator}</arg>
<arg>CTRL+a</arg>
<arg>BACKSPACE</arg>
<doc>Simulates the user pressing key(s) to an element or on the active browser.</doc>
<status status="PASS" start="2026-03-11T17:11:09.594683" elapsed="0.324299"/>
</kw>
<kw name="Sleep" owner="BuiltIn">
<msg time="2026-03-11T17:11:10.020799" level="INFO">Slept 100 milliseconds.</msg>
<arg>0.1s</arg>
<doc>Pauses the test executed for the given time.</doc>
<status status="PASS" start="2026-03-11T17:11:09.919579" elapsed="0.101421"/>
</kw>
<kw name="Input Text" owner="SeleniumLibrary">
<msg time="2026-03-11T17:11:10.021789" level="INFO">Typing text 'Schulist' into text field '//input[@name="last_name"]'.</msg>
<arg>${locator}</arg>
<arg>${value}</arg>
<doc>Types the given ``text`` into the text field identified by ``locator``.</doc>
<status status="PASS" start="2026-03-11T17:11:10.021308" elapsed="0.105511"/>
</kw>
<arg>${locator}</arg>
<arg>${value}</arg>
<status status="PASS" start="2026-03-11T17:11:09.493190" elapsed="0.633901"/>
</kw>
<status status="PASS" start="2026-03-11T17:11:09.492928" elapsed="0.634255"/>
</branch>
<status status="PASS" start="2026-03-11T17:11:09.492331" elapsed="0.634930"/>
</if>
<var name="${i}">1</var>
<var name="${locator}">//input[@name="last_name"]</var>
<status status="PASS" start="2026-03-11T17:11:09.490424" elapsed="0.636892"/>
</iter>
<iter>
<kw name="Set Variable" owner="BuiltIn">
<msg time="2026-03-11T17:11:10.129418" level="INFO">${value} = Karley_Dach@jasper.info</msg>
<var>${value}</var>
<arg>${values[${i}]}</arg>
<doc>Returns the given values which can then be assigned to a variables.</doc>
<status status="PASS" start="2026-03-11T17:11:10.127939" elapsed="0.001593"/>
</kw>
<if>
<branch type="IF" condition="'${locator}' == '${cust_txt_birthday}'">
<kw name="Input Text" owner="SeleniumLibrary">
<arg>${locator}</arg>
<arg>${value}</arg>
<doc>Types the given ``text`` into the text field identified by ``locator``.</doc>
<status status="NOT RUN" start="2026-03-11T17:11:10.130124" elapsed="0.000060"/>
</kw>
<status status="NOT RUN" start="2026-03-11T17:11:10.129715" elapsed="0.000555"/>
</branch>
<branch type="ELSE">
<kw name="Clear And Type" owner="Customer">
<kw name="Wait Until Element Is Visible" owner="SeleniumLibrary">
<arg>${locator}</arg>
<doc>Waits until the element ``locator`` is visible.</doc>
<status status="PASS" start="2026-03-11T17:11:10.131340" elapsed="0.022609"/>
</kw>
<kw name="Click Element" owner="SeleniumLibrary">
<msg time="2026-03-11T17:11:10.154743" level="INFO">Clicking element '//input[@name="email"]'.</msg>
<arg>${locator}</arg>
<doc>Click the element identified by ``locator``.</doc>
<status status="PASS" start="2026-03-11T17:11:10.154299" elapsed="0.097528"/>
</kw>
<kw name="Press Keys" owner="SeleniumLibrary">
<msg time="2026-03-11T17:11:10.254486" level="INFO">Sending key(s) ('CTRL+a', 'BACKSPACE') to //input[@name="email"] element.</msg>
<msg time="2026-03-11T17:11:10.543276" level="INFO">Pressing special key CONTROL down.</msg>
<msg time="2026-03-11T17:11:10.543426" level="INFO">Sending key a</msg>
<msg time="2026-03-11T17:11:10.543495" level="INFO">Releasing special key CONTROL.</msg>
<msg time="2026-03-11T17:11:10.555533" level="INFO">Pressing special key BACKSPACE to element.</msg>
<msg time="2026-03-11T17:11:10.555689" level="INFO">Releasing special key BACKSPACE.</msg>
<arg>${locator}</arg>
<arg>CTRL+a</arg>
<arg>BACKSPACE</arg>
<doc>Simulates the user pressing key(s) to an element or on the active browser.</doc>
<status status="PASS" start="2026-03-11T17:11:10.252302" elapsed="0.326474"/>
</kw>
<kw name="Sleep" owner="BuiltIn">
<msg time="2026-03-11T17:11:10.679915" level="INFO">Slept 100 milliseconds.</msg>
<arg>0.1s</arg>
<doc>Pauses the test executed for the given time.</doc>
<status status="PASS" start="2026-03-11T17:11:10.579136" elapsed="0.100999"/>
</kw>
<kw name="Input Text" owner="SeleniumLibrary">
<msg time="2026-03-11T17:11:10.681001" level="INFO">Typing text 'Karley_Dach@jasper.info' into text field '//input[@name="email"]'.</msg>
<arg>${locator}</arg>
<arg>${value}</arg>
<doc>Types the given ``text`` into the text field identified by ``locator``.</doc>
<status status="PASS" start="2026-03-11T17:11:10.680473" elapsed="0.136335"/>
</kw>
<arg>${locator}</arg>
<arg>${value}</arg>
<status status="PASS" start="2026-03-11T17:11:10.130634" elapsed="0.686433"/>
</kw>
<status status="PASS" start="2026-03-11T17:11:10.130338" elapsed="0.686815"/>
</branch>
<status status="PASS" start="2026-03-11T17:11:10.129670" elapsed="0.687553"/>
</if>
<var name="${i}">2</var>
<var name="${locator}">//input[@name="email"]</var>
<status status="PASS" start="2026-03-11T17:11:10.127701" elapsed="0.689572"/>
</iter>
<iter>
<kw name="Set Variable" owner="BuiltIn">
<msg time="2026-03-11T17:11:10.819443" level="INFO">${value} = 11/05/2001</msg>
<var>${value}</var>
<arg>${values[${i}]}</arg>
<doc>Returns the given values which can then be assigned to a variables.</doc>
<status status="PASS" start="2026-03-11T17:11:10.818027" elapsed="0.001490"/>
</kw>
<if>
<branch type="IF" condition="'${locator}' == '${cust_txt_birthday}'">
<kw name="Input Text" owner="SeleniumLibrary">
<msg time="2026-03-11T17:11:10.820692" level="INFO">Typing text '11/05/2001' into text field '//input[@name="birthday"]'.</msg>
<arg>${locator}</arg>
<arg>${value}</arg>
<doc>Types the given ``text`` into the text field identified by ``locator``.</doc>
<status status="PASS" start="2026-03-11T17:11:10.820188" elapsed="0.096358"/>
</kw>
<status status="PASS" start="2026-03-11T17:11:10.819707" elapsed="0.096979"/>
</branch>
<branch type="ELSE">
<kw name="Clear And Type" owner="Customer">
<arg>${locator}</arg>
<arg>${value}</arg>
<status status="NOT RUN" start="2026-03-11T17:11:10.917181" elapsed="0.000053"/>
</kw>
<status status="NOT RUN" start="2026-03-11T17:11:10.916753" elapsed="0.000542"/>
</branch>
<status status="PASS" start="2026-03-11T17:11:10.819661" elapsed="0.097675"/>
</if>
<var name="${i}">3</var>
<var name="${locator}">//input[@name="birthday"]</var>
<status status="PASS" start="2026-03-11T17:11:10.817694" elapsed="0.099682"/>
</iter>
<iter>
<kw name="Set Variable" owner="BuiltIn">
<msg time="2026-03-11T17:11:10.919467" level="INFO">${value} = Norberto Crossing Apt. 950</msg>
<var>${value}</var>
<arg>${values[${i}]}</arg>
<doc>Returns the given values which can then be assigned to a variables.</doc>
<status status="PASS" start="2026-03-11T17:11:10.917945" elapsed="0.001667"/>
</kw>
<if>
<branch type="IF" condition="'${locator}' == '${cust_txt_birthday}'">
<kw name="Input Text" owner="SeleniumLibrary">
<arg>${locator}</arg>
<arg>${value}</arg>
<doc>Types the given ``text`` into the text field identified by ``locator``.</doc>
<status status="NOT RUN" start="2026-03-11T17:11:10.920462" elapsed="0.000062"/>
</kw>
<status status="NOT RUN" start="2026-03-11T17:11:10.919928" elapsed="0.000676"/>
</branch>
<branch type="ELSE">
<kw name="Clear And Type" owner="Customer">
<kw name="Wait Until Element Is Visible" owner="SeleniumLibrary">
<arg>${locator}</arg>
<doc>Waits until the element ``locator`` is visible.</doc>
<status status="PASS" start="2026-03-11T17:11:10.921562" elapsed="0.021900"/>
</kw>
<kw name="Click Element" owner="SeleniumLibrary">
<msg time="2026-03-11T17:11:10.944285" level="INFO">Clicking element '//textarea[@name="address"]'.</msg>
<arg>${locator}</arg>
<doc>Click the element identified by ``locator``.</doc>
<status status="PASS" start="2026-03-11T17:11:10.943827" elapsed="0.071888"/>
</kw>
<kw name="Press Keys" owner="SeleniumLibrary">
<msg time="2026-03-11T17:11:11.016628" level="INFO">Sending key(s) ('CTRL+a', 'BACKSPACE') to //textarea[@name="address"] element.</msg>
<msg time="2026-03-11T17:11:11.307749" level="INFO">Pressing special key CONTROL down.</msg>
<msg time="2026-03-11T17:11:11.307891" level="INFO">Sending key a</msg>
<msg time="2026-03-11T17:11:11.307954" level="INFO">Releasing special key CONTROL.</msg>
<msg time="2026-03-11T17:11:11.315980" level="INFO">Pressing special key BACKSPACE to element.</msg>
<msg time="2026-03-11T17:11:11.316130" level="INFO">Releasing special key BACKSPACE.</msg>
<arg>${locator}</arg>
<arg>CTRL+a</arg>
<arg>BACKSPACE</arg>
<doc>Simulates the user pressing key(s) to an element or on the active browser.</doc>
<status status="PASS" start="2026-03-11T17:11:11.016020" elapsed="0.307892"/>
</kw>
<kw name="Sleep" owner="BuiltIn">
<msg time="2026-03-11T17:11:11.424951" level="INFO">Slept 100 milliseconds.</msg>
<arg>0.1s</arg>
<doc>Pauses the test executed for the given time.</doc>
<status status="PASS" start="2026-03-11T17:11:11.324247" elapsed="0.100925"/>
</kw>
<kw name="Input Text" owner="SeleniumLibrary">
<msg time="2026-03-11T17:11:11.426028" level="INFO">Typing text 'Norberto Crossing Apt. 950' into text field '//textarea[@name="address"]'.</msg>
<arg>${locator}</arg>
<arg>${value}</arg>
<doc>Types the given ``text`` into the text field identified by ``locator``.</doc>
<status status="PASS" start="2026-03-11T17:11:11.425505" elapsed="0.160058"/>
</kw>
<arg>${locator}</arg>
<arg>${value}</arg>
<status status="PASS" start="2026-03-11T17:11:10.920943" elapsed="0.664827"/>
</kw>
<status status="PASS" start="2026-03-11T17:11:10.920661" elapsed="0.665180"/>
</branch>
<status status="PASS" start="2026-03-11T17:11:10.919861" elapsed="0.666041"/>
</if>
<var name="${i}">4</var>
<var name="${locator}">//textarea[@name="address"]</var>
<status status="PASS" start="2026-03-11T17:11:10.917689" elapsed="0.668253"/>
</iter>
<iter>
<kw name="Set Variable" owner="BuiltIn">
<msg time="2026-03-11T17:11:11.588171" level="INFO">${value} = South Christy</msg>
<var>${value}</var>
<arg>${values[${i}]}</arg>
<doc>Returns the given values which can then be assigned to a variables.</doc>
<status status="PASS" start="2026-03-11T17:11:11.586634" elapsed="0.001617"/>
</kw>
<if>
<branch type="IF" condition="'${locator}' == '${cust_txt_birthday}'">
<kw name="Input Text" owner="SeleniumLibrary">
<arg>${locator}</arg>
<arg>${value}</arg>
<doc>Types the given ``text`` into the text field identified by ``locator``.</doc>
<status status="NOT RUN" start="2026-03-11T17:11:11.588837" elapsed="0.000052"/>
</kw>
<status status="NOT RUN" start="2026-03-11T17:11:11.588448" elapsed="0.000515"/>
</branch>
<branch type="ELSE">
<kw name="Clear And Type" owner="Customer">
<kw name="Wait Until Element Is Visible" owner="SeleniumLibrary">
<arg>${locator}</arg>
<doc>Waits until the element ``locator`` is visible.</doc>
<status status="PASS" start="2026-03-11T17:11:11.589879" elapsed="0.023161"/>
</kw>
<kw name="Click Element" owner="SeleniumLibrary">
<msg time="2026-03-11T17:11:11.613895" level="INFO">Clicking element '//input[@name="city"]'.</msg>
<arg>${locator}</arg>
<doc>Click the element identified by ``locator``.</doc>
<status status="PASS" start="2026-03-11T17:11:11.613388" elapsed="0.094515"/>
</kw>
<kw name="Press Keys" owner="SeleniumLibrary">
<msg time="2026-03-11T17:11:11.709002" level="INFO">Sending key(s) ('CTRL+a', 'BACKSPACE') to //input[@name="city"] element.</msg>
<msg time="2026-03-11T17:11:12.007404" level="INFO">Pressing special key CONTROL down.</msg>
<msg time="2026-03-11T17:11:12.007633" level="INFO">Sending key a</msg>
<msg time="2026-03-11T17:11:12.007769" level="INFO">Releasing special key CONTROL.</msg>
<msg time="2026-03-11T17:11:12.016465" level="INFO">Pressing special key BACKSPACE to element.</msg>
<msg time="2026-03-11T17:11:12.016691" level="INFO">Releasing special key BACKSPACE.</msg>
<arg>${locator}</arg>
<arg>CTRL+a</arg>
<arg>BACKSPACE</arg>
<doc>Simulates the user pressing key(s) to an element or on the active browser.</doc>
<status status="PASS" start="2026-03-11T17:11:11.708222" elapsed="0.315587"/>
</kw>
<kw name="Sleep" owner="BuiltIn">
<msg time="2026-03-11T17:11:12.125509" level="INFO">Slept 100 milliseconds.</msg>
<arg>0.1s</arg>
<doc>Pauses the test executed for the given time.</doc>
<status status="PASS" start="2026-03-11T17:11:12.024365" elapsed="0.101461"/>
</kw>
<kw name="Input Text" owner="SeleniumLibrary">
<msg time="2026-03-11T17:11:12.127238" level="INFO">Typing text 'South Christy' into text field '//input[@name="city"]'.</msg>
<arg>${locator}</arg>
<arg>${value}</arg>
<doc>Types the given ``text`` into the text field identified by ``locator``.</doc>
<status status="PASS" start="2026-03-11T17:11:12.126354" elapsed="0.146746"/>
</kw>
<arg>${locator}</arg>
<arg>${value}</arg>
<status status="PASS" start="2026-03-11T17:11:11.589291" elapsed="0.684059"/>
</kw>
<status status="PASS" start="2026-03-11T17:11:11.589018" elapsed="0.684432"/>
</branch>
<status status="PASS" start="2026-03-11T17:11:11.588403" elapsed="0.685127"/>
</if>
<var name="${i}">5</var>
<var name="${locator}">//input[@name="city"]</var>
<status status="PASS" start="2026-03-11T17:11:11.586307" elapsed="0.687280"/>
</iter>
<iter>
<kw name="Set Variable" owner="BuiltIn">
<msg time="2026-03-11T17:11:12.275865" level="INFO">${value} = NAS</msg>
<var>${value}</var>
<arg>${values[${i}]}</arg>
<doc>Returns the given values which can then be assigned to a variables.</doc>
<status status="PASS" start="2026-03-11T17:11:12.274285" elapsed="0.001656"/>
</kw>
<if>
<branch type="IF" condition="'${locator}' == '${cust_txt_birthday}'">
<kw name="Input Text" owner="SeleniumLibrary">
<arg>${locator}</arg>
<arg>${value}</arg>
<doc>Types the given ``text`` into the text field identified by ``locator``.</doc>
<status status="NOT RUN" start="2026-03-11T17:11:12.276625" elapsed="0.000066"/>
</kw>
<status status="NOT RUN" start="2026-03-11T17:11:12.276128" elapsed="0.000654"/>
</branch>
<branch type="ELSE">
<kw name="Clear And Type" owner="Customer">
<kw name="Wait Until Element Is Visible" owner="SeleniumLibrary">
<arg>${locator}</arg>
<doc>Waits until the element ``locator`` is visible.</doc>
<status status="PASS" start="2026-03-11T17:11:12.278050" elapsed="0.021865"/>
</kw>
<kw name="Click Element" owner="SeleniumLibrary">
<msg time="2026-03-11T17:11:12.301000" level="INFO">Clicking element '//input[@name="stateAbbr"]'.</msg>
<arg>${locator}</arg>
<doc>Click the element identified by ``locator``.</doc>
<status status="PASS" start="2026-03-11T17:11:12.300375" elapsed="0.070248"/>
</kw>
<kw name="Press Keys" owner="SeleniumLibrary">
<msg time="2026-03-11T17:11:12.371892" level="INFO">Sending key(s) ('CTRL+a', 'BACKSPACE') to //input[@name="stateAbbr"] element.</msg>
<msg time="2026-03-11T17:11:12.655237" level="INFO">Pressing special key CONTROL down.</msg>
<msg time="2026-03-11T17:11:12.655379" level="INFO">Sending key a</msg>
<msg time="2026-03-11T17:11:12.655443" level="INFO">Releasing special key CONTROL.</msg>
<msg time="2026-03-11T17:11:12.664050" level="INFO">Pressing special key BACKSPACE to element.</msg>
<msg time="2026-03-11T17:11:12.664195" level="INFO">Releasing special key BACKSPACE.</msg>
<arg>${locator}</arg>
<arg>CTRL+a</arg>
<arg>BACKSPACE</arg>
<doc>Simulates the user pressing key(s) to an element or on the active browser.</doc>
<status status="PASS" start="2026-03-11T17:11:12.371018" elapsed="0.300247"/>
</kw>
<kw name="Sleep" owner="BuiltIn">
<msg time="2026-03-11T17:11:12.772391" level="INFO">Slept 100 milliseconds.</msg>
<arg>0.1s</arg>
<doc>Pauses the test executed for the given time.</doc>
<status status="PASS" start="2026-03-11T17:11:12.671601" elapsed="0.100993"/>
</kw>
<kw name="Input Text" owner="SeleniumLibrary">
<msg time="2026-03-11T17:11:12.773369" level="INFO">Typing text 'NAS' into text field '//input[@name="stateAbbr"]'.</msg>
<arg>${locator}</arg>
<arg>${value}</arg>
<doc>Types the given ``text`` into the text field identified by ``locator``.</doc>
<status status="PASS" start="2026-03-11T17:11:12.772896" elapsed="0.120202"/>
</kw>
<arg>${locator}</arg>
<arg>${value}</arg>
<status status="PASS" start="2026-03-11T17:11:12.277191" elapsed="0.616246"/>
</kw>
<status status="PASS" start="2026-03-11T17:11:12.276855" elapsed="0.616735"/>
</branch>
<status status="PASS" start="2026-03-11T17:11:12.276084" elapsed="0.617630"/>
</if>
<var name="${i}">6</var>
<var name="${locator}">//input[@name="stateAbbr"]</var>
<status status="PASS" start="2026-03-11T17:11:12.274012" elapsed="0.619786"/>
</iter>
<iter>
<kw name="Set Variable" owner="BuiltIn">
<msg time="2026-03-11T17:11:12.895942" level="INFO">${value} = 23505-1337</msg>
<var>${value}</var>
<arg>${values[${i}]}</arg>
<doc>Returns the given values which can then be assigned to a variables.</doc>
<status status="PASS" start="2026-03-11T17:11:12.894576" elapsed="0.001423"/>
</kw>
<if>
<branch type="IF" condition="'${locator}' == '${cust_txt_birthday}'">
<kw name="Input Text" owner="SeleniumLibrary">
<arg>${locator}</arg>
<arg>${value}</arg>
<doc>Types the given ``text`` into the text field identified by ``locator``.</doc>
<status status="NOT RUN" start="2026-03-11T17:11:12.896492" elapsed="0.000052"/>
</kw>
<status status="NOT RUN" start="2026-03-11T17:11:12.896149" elapsed="0.000467"/>
</branch>
<branch type="ELSE">
<kw name="Clear And Type" owner="Customer">
<kw name="Wait Until Element Is Visible" owner="SeleniumLibrary">
<arg>${locator}</arg>
<doc>Waits until the element ``locator`` is visible.</doc>
<status status="PASS" start="2026-03-11T17:11:12.897452" elapsed="0.018964"/>
</kw>
<kw name="Click Element" owner="SeleniumLibrary">
<msg time="2026-03-11T17:11:12.917242" level="INFO">Clicking element '//input[@name="zipcode"]'.</msg>
<arg>${locator}</arg>
<doc>Click the element identified by ``locator``.</doc>
<status status="PASS" start="2026-03-11T17:11:12.916768" elapsed="0.078441"/>
</kw>
<kw name="Press Keys" owner="SeleniumLibrary">
<msg time="2026-03-11T17:11:12.996225" level="INFO">Sending key(s) ('CTRL+a', 'BACKSPACE') to //input[@name="zipcode"] element.</msg>
<msg time="2026-03-11T17:11:13.273328" level="INFO">Pressing special key CONTROL down.</msg>
<msg time="2026-03-11T17:11:13.273474" level="INFO">Sending key a</msg>
<msg time="2026-03-11T17:11:13.273538" level="INFO">Releasing special key CONTROL.</msg>
<msg time="2026-03-11T17:11:13.281817" level="INFO">Pressing special key BACKSPACE to element.</msg>
<msg time="2026-03-11T17:11:13.281966" level="INFO">Releasing special key BACKSPACE.</msg>
<arg>${locator}</arg>
<arg>CTRL+a</arg>
<arg>BACKSPACE</arg>
<doc>Simulates the user pressing key(s) to an element or on the active browser.</doc>
<status status="PASS" start="2026-03-11T17:11:12.995535" elapsed="0.293511"/>
</kw>
<kw name="Sleep" owner="BuiltIn">
<msg time="2026-03-11T17:11:13.390032" level="INFO">Slept 100 milliseconds.</msg>
<arg>0.1s</arg>
<doc>Pauses the test executed for the given time.</doc>
<status status="PASS" start="2026-03-11T17:11:13.289378" elapsed="0.100848"/>
</kw>
<kw name="Input Text" owner="SeleniumLibrary">
<msg time="2026-03-11T17:11:13.391010" level="INFO">Typing text '23505-1337' into text field '//input[@name="zipcode"]'.</msg>
<arg>${locator}</arg>
<arg>${value}</arg>
<doc>Types the given ``text`` into the text field identified by ``locator``.</doc>
<status status="PASS" start="2026-03-11T17:11:13.390527" elapsed="0.106795"/>
</kw>
<arg>${locator}</arg>
<arg>${value}</arg>
<status status="PASS" start="2026-03-11T17:11:12.896928" elapsed="0.600581"/>
</kw>
<status status="PASS" start="2026-03-11T17:11:12.896674" elapsed="0.600898"/>
</branch>
<status status="PASS" start="2026-03-11T17:11:12.896113" elapsed="0.601513"/>
</if>
<var name="${i}">7</var>
<var name="${locator}">//input[@name="zipcode"]</var>
<status status="PASS" start="2026-03-11T17:11:12.894332" elapsed="0.603332"/>
</iter>
<iter>
<kw name="Set Variable" owner="BuiltIn">
<msg time="2026-03-11T17:11:13.499445" level="INFO">${value} = 2ohIBcPJ</msg>
<var>${value}</var>
<arg>${values[${i}]}</arg>
<doc>Returns the given values which can then be assigned to a variables.</doc>
<status status="PASS" start="2026-03-11T17:11:13.498238" elapsed="0.001269"/>
</kw>
<if>
<branch type="IF" condition="'${locator}' == '${cust_txt_birthday}'">
<kw name="Input Text" owner="SeleniumLibrary">
<arg>${locator}</arg>
<arg>${value}</arg>
<doc>Types the given ``text`` into the text field identified by ``locator``.</doc>
<status status="NOT RUN" start="2026-03-11T17:11:13.500024" elapsed="0.000049"/>
</kw>
<status status="NOT RUN" start="2026-03-11T17:11:13.499687" elapsed="0.000453"/>
</branch>
<branch type="ELSE">
<kw name="Clear And Type" owner="Customer">
<kw name="Wait Until Element Is Visible" owner="SeleniumLibrary">
<arg>${locator}</arg>
<doc>Waits until the element ``locator`` is visible.</doc>
<status status="PASS" start="2026-03-11T17:11:13.501018" elapsed="0.019417"/>
</kw>
<kw name="Click Element" owner="SeleniumLibrary">
<msg time="2026-03-11T17:11:13.521203" level="INFO">Clicking element '//input[@name="password"]'.</msg>
<arg>${locator}</arg>
<doc>Click the element identified by ``locator``.</doc>
<status status="PASS" start="2026-03-11T17:11:13.520727" elapsed="0.070034"/>
</kw>
<kw name="Press Keys" owner="SeleniumLibrary">
<msg time="2026-03-11T17:11:13.592012" level="INFO">Sending key(s) ('CTRL+a', 'BACKSPACE') to //input[@name="password"] element.</msg>
<msg time="2026-03-11T17:11:13.891576" level="INFO">Pressing special key CONTROL down.</msg>
<msg time="2026-03-11T17:11:13.891870" level="INFO">Sending key a</msg>
<msg time="2026-03-11T17:11:13.891953" level="INFO">Releasing special key CONTROL.</msg>
<msg time="2026-03-11T17:11:13.899374" level="INFO">Pressing special key BACKSPACE to element.</msg>
<msg time="2026-03-11T17:11:13.899590" level="INFO">Releasing special key BACKSPACE.</msg>
<arg>${locator}</arg>
<arg>CTRL+a</arg>
<arg>BACKSPACE</arg>
<doc>Simulates the user pressing key(s) to an element or on the active browser.</doc>
<status status="PASS" start="2026-03-11T17:11:13.591153" elapsed="0.314759"/>
</kw>
<kw name="Sleep" owner="BuiltIn">
<msg time="2026-03-11T17:11:14.006949" level="INFO">Slept 100 milliseconds.</msg>
<arg>0.1s</arg>
<doc>Pauses the test executed for the given time.</doc>
<status status="PASS" start="2026-03-11T17:11:13.906248" elapsed="0.100910"/>
</kw>
<kw name="Input Text" owner="SeleniumLibrary">
<msg time="2026-03-11T17:11:14.008015" level="INFO">Typing text '2ohIBcPJ' into text field '//input[@name="password"]'.</msg>
<arg>${locator}</arg>
<arg>${value}</arg>
<doc>Types the given ``text`` into the text field identified by ``locator``.</doc>
<status status="PASS" start="2026-03-11T17:11:14.007480" elapsed="0.077178"/>
</kw>
<arg>${locator}</arg>
<arg>${value}</arg>
<status status="PASS" start="2026-03-11T17:11:13.500446" elapsed="0.584418"/>
</kw>
<status status="PASS" start="2026-03-11T17:11:13.500189" elapsed="0.584743"/>
</branch>
<status status="PASS" start="2026-03-11T17:11:13.499643" elapsed="0.585349"/>
</if>
<var name="${i}">8</var>
<var name="${locator}">//input[@name="password"]</var>
<status status="PASS" start="2026-03-11T17:11:13.497990" elapsed="0.587043"/>
</iter>
<iter>
<kw name="Set Variable" owner="BuiltIn">
<msg time="2026-03-11T17:11:14.086910" level="INFO">${value} = 2ohIBcPJ</msg>
<var>${value}</var>
<arg>${values[${i}]}</arg>
<doc>Returns the given values which can then be assigned to a variables.</doc>
<status status="PASS" start="2026-03-11T17:11:14.085633" elapsed="0.001334"/>
</kw>
<if>
<branch type="IF" condition="'${locator}' == '${cust_txt_birthday}'">
<kw name="Input Text" owner="SeleniumLibrary">
<arg>${locator}</arg>
<arg>${value}</arg>
<doc>Types the given ``text`` into the text field identified by ``locator``.</doc>
<status status="NOT RUN" start="2026-03-11T17:11:14.087417" elapsed="0.000044"/>
</kw>
<status status="NOT RUN" start="2026-03-11T17:11:14.087113" elapsed="0.000406"/>
</branch>
<branch type="ELSE">
<kw name="Clear And Type" owner="Customer">
<kw name="Wait Until Element Is Visible" owner="SeleniumLibrary">
<arg>${locator}</arg>
<doc>Waits until the element ``locator`` is visible.</doc>
<status status="PASS" start="2026-03-11T17:11:14.088294" elapsed="0.019938"/>
</kw>
<kw name="Click Element" owner="SeleniumLibrary">
<msg time="2026-03-11T17:11:14.109058" level="INFO">Clicking element '//input[@name="confirm_password"]'.</msg>
<arg>${locator}</arg>
<doc>Click the element identified by ``locator``.</doc>
<status status="PASS" start="2026-03-11T17:11:14.108596" elapsed="0.064699"/>
</kw>
<kw name="Press Keys" owner="SeleniumLibrary">
<msg time="2026-03-11T17:11:14.174737" level="INFO">Sending key(s) ('CTRL+a', 'BACKSPACE') to //input[@name="confirm_password"] element.</msg>
<msg time="2026-03-11T17:11:14.456985" level="INFO">Pressing special key CONTROL down.</msg>
<msg time="2026-03-11T17:11:14.457132" level="INFO">Sending key a</msg>
<msg time="2026-03-11T17:11:14.457203" level="INFO">Releasing special key CONTROL.</msg>
<msg time="2026-03-11T17:11:14.465409" level="INFO">Pressing special key BACKSPACE to element.</msg>
<msg time="2026-03-11T17:11:14.465561" level="INFO">Releasing special key BACKSPACE.</msg>
<arg>${locator}</arg>
<arg>CTRL+a</arg>
<arg>BACKSPACE</arg>
<doc>Simulates the user pressing key(s) to an element or on the active browser.</doc>
<status status="PASS" start="2026-03-11T17:11:14.173802" elapsed="0.302473"/>
</kw>
<kw name="Sleep" owner="BuiltIn">
<msg time="2026-03-11T17:11:14.577448" level="INFO">Slept 100 milliseconds.</msg>
<arg>0.1s</arg>
<doc>Pauses the test executed for the given time.</doc>
<status status="PASS" start="2026-03-11T17:11:14.476620" elapsed="0.101096"/>
</kw>
<kw name="Input Text" owner="SeleniumLibrary">
<msg time="2026-03-11T17:11:14.578860" level="INFO">Typing text '2ohIBcPJ' into text field '//input[@name="confirm_password"]'.</msg>
<arg>${locator}</arg>
<arg>${value}</arg>
<doc>Types the given ``text`` into the text field identified by ``locator``.</doc>
<status status="PASS" start="2026-03-11T17:11:14.578165" elapsed="0.108918"/>
</kw>
<arg>${locator}</arg>
<arg>${value}</arg>
<status status="PASS" start="2026-03-11T17:11:14.087788" elapsed="0.599545"/>
</kw>
<status status="PASS" start="2026-03-11T17:11:14.087568" elapsed="0.599853"/>
</branch>
<status status="PASS" start="2026-03-11T17:11:14.087079" elapsed="0.600415"/>
</if>
<var name="${i}">9</var>
<var name="${locator}">//input[@name="confirm_password"]</var>
<status status="PASS" start="2026-03-11T17:11:14.085380" elapsed="0.602165"/>
</iter>
<var>${i}</var>
<var>${locator}</var>
<value>@{CUSTOMER_LOCATORS}</value>
<status status="PASS" start="2026-03-11T17:11:08.824773" elapsed="5.862868"/>
</for>
<kw name="Scroll Element Into View" owner="SeleniumLibrary">
<arg>${cust_btn_save}</arg>
<doc>Scrolls the element identified by ``locator`` into view.</doc>
<status status="PASS" start="2026-03-11T17:11:14.688018" elapsed="0.281959"/>
</kw>
<kw name="Click Button" owner="SeleniumLibrary">
<msg time="2026-03-11T17:11:14.971193" level="INFO">Clicking button '//button[@aria-label="Save"]'.</msg>
<arg>${cust_btn_save}</arg>
<doc>Clicks the button identified by ``locator``.</doc>
<status status="PASS" start="2026-03-11T17:11:14.970347" elapsed="0.173261"/>
</kw>
<kw name="Wait Until Page Contains" owner="SeleniumLibrary">
<arg>Customer updated</arg>
<arg>timeout=20s</arg>
<doc>Waits until ``text`` appears on the current page.</doc>
<status status="PASS" start="2026-03-11T17:11:15.143996" elapsed="0.037545"/>
</kw>
<kw name="Verify If Customer Is Added In The Table" owner="Customer">
<kw name="Get Customer Row" owner="Customer">
<kw name="Navigate" owner="App">
<kw name="Set Variable" owner="BuiltIn">
<msg time="2026-03-11T17:11:15.186523" level="INFO">${sub_menu_loc} = //a[descendant::p[text()="Customers"]]</msg>
<var>${sub_menu_loc}</var>
<arg>//a[descendant::p[text()="${sub_menu}"]]</arg>
<doc>Returns the given values which can then be assigned to a variables.</doc>
<status status="PASS" start="2026-03-11T17:11:15.185604" elapsed="0.001004"/>
</kw>
<kw name="Run Keyword And Return Status" owner="BuiltIn">
<kw name="Element Should Be Visible" owner="SeleniumLibrary">
<msg time="2026-03-11T17:11:15.257091" level="INFO">Element '//a[descendant::p[text()="Customers"]]' is displayed.</msg>
<arg>${sub_menu_loc}</arg>
<doc>Verifies that the element identified by ``locator`` is visible.</doc>
<status status="PASS" start="2026-03-11T17:11:15.187822" elapsed="0.069439"/>
</kw>
<msg time="2026-03-11T17:11:15.257490" level="INFO">${status} = True</msg>
<var>${status}</var>
<arg>Element Should Be Visible</arg>
<arg>${sub_menu_loc}</arg>
<doc>Runs the specified keyword and returns the status as a Boolean value.</doc>
<status status="PASS" start="2026-03-11T17:11:15.186974" elapsed="0.070558"/>
</kw>
<if>
<branch type="IF" condition="not ${status}">
<kw name="Get Parent Menu" owner="App">
<var>${parent_menu}</var>
<arg>${sub_menu}</arg>
<status status="NOT RUN" start="2026-03-11T17:11:15.258127" elapsed="0.000052"/>
</kw>
<kw name="Click Element" owner="SeleniumLibrary">
<arg>${parent_menu}</arg>
<doc>Click the element identified by ``locator``.</doc>
<status status="NOT RUN" start="2026-03-11T17:11:15.258349" elapsed="0.000039"/>
</kw>
<kw name="Wait Until Element Is Visible" owner="SeleniumLibrary">
<arg>${sub_menu_loc}</arg>
<doc>Waits until the element ``locator`` is visible.</doc>
<status status="NOT RUN" start="2026-03-11T17:11:15.258517" elapsed="0.000037"/>
</kw>
<status status="NOT RUN" start="2026-03-11T17:11:15.257693" elapsed="0.000911"/>
</branch>
<status status="PASS" start="2026-03-11T17:11:15.257646" elapsed="0.001019"/>
</if>
<kw name="Click Element" owner="SeleniumLibrary">
<msg time="2026-03-11T17:11:15.259124" level="INFO">Clicking element '//a[descendant::p[text()="Customers"]]'.</msg>
<arg>${sub_menu_loc}</arg>
<doc>Click the element identified by ``locator``.</doc>
<status status="PASS" start="2026-03-11T17:11:15.258782" elapsed="0.261149"/>
</kw>
<kw name="Wait Until Element Is Visible" owner="SeleniumLibrary">
<arg>//h6[//span[text()="${sub_menu}"]]</arg>
<doc>Waits until the element ``locator`` is visible.</doc>
<status status="PASS" start="2026-03-11T17:11:15.520277" elapsed="0.051400"/>
</kw>
<kw name="Run Keyword If" owner="BuiltIn">
<kw name="Sleep" owner="BuiltIn">
<msg time="2026-03-11T17:11:17.573560" level="INFO">Slept 2 seconds.</msg>
<arg>2s</arg>
<doc>Pauses the test executed for the given time.</doc>
<status status="PASS" start="2026-03-11T17:11:15.572963" elapsed="2.000859"/>
</kw>
<arg>"${sub_menu}" == "Customers"</arg>
<arg>Sleep</arg>
<arg>2s</arg>
<doc>Runs the given keyword with the given arguments, if ``condition`` is true.</doc>
<status status="PASS" start="2026-03-11T17:11:15.572073" elapsed="2.001973"/>
</kw>
<arg>Customers</arg>
<status status="PASS" start="2026-03-11T17:11:15.184841" elapsed="2.389432"/>
</kw>
<kw name="Get WebElements" owner="SeleniumLibrary">
<msg time="2026-03-11T17:11:17.591109" level="INFO">${web_elems} = [&lt;selenium.webdriver.remote.webelement.WebElement (session="42f24105ba216933bdc13d7c01c6dd7c", element="f.FDCCFE9EB2D7455F6A84A281F81A9A8B.d.E832A80EA6721A4202F72BEA3868611F.e.178")&gt;, &lt;selenium.webdri...</msg>
<var>${web_elems}</var>
<arg>//tbody//tr</arg>
<doc>Returns a list of WebElement objects matching the ``locator``.</doc>
<status status="PASS" start="2026-03-11T17:11:17.574647" elapsed="0.016541"/>
</kw>
<for flavor="IN ENUMERATE">
<iter>
<kw name="Set Variable" owner="BuiltIn">
<msg time="2026-03-11T17:11:17.592731" level="INFO">${row_index} = 1</msg>
<var>${row_index}</var>
<arg>${i + 1}</arg>
<doc>Returns the given values which can then be assigned to a variables.</doc>
<status status="PASS" start="2026-03-11T17:11:17.591810" elapsed="0.000967"/>
</kw>
<kw name="Get Text" owner="SeleniumLibrary">
<msg time="2026-03-11T17:11:17.615307" level="INFO">${name} = D
Dennis Schulist</msg>
<var>${name}</var>
<arg>((//tbody//tr)[${row_index}]//td)[2]</arg>
<doc>Returns the text value of the element identified by ``locator``.</doc>
<status status="PASS" start="2026-03-11T17:11:17.592951" elapsed="0.022447"/>
</kw>
<kw name="Clean Text" owner="Customer">
<if>
<branch type="IF" condition="&quot;\\n&quot; in &quot;&quot;&quot;${text}&quot;&quot;&quot;">
<kw name="Evaluate" owner="BuiltIn">
<msg time="2026-03-11T17:11:17.617421" level="INFO">${text} = Dennis Schulist</msg>
<var>${text}</var>
<arg>"""${text}""".replace("\\n","")[1:]</arg>
<doc>Evaluates the given expression in Python and returns the result.</doc>
<status status="PASS" start="2026-03-11T17:11:17.616738" elapsed="0.000743"/>
</kw>
<status status="PASS" start="2026-03-11T17:11:17.616390" elapsed="0.001188"/>
</branch>
<status status="PASS" start="2026-03-11T17:11:17.616350" elapsed="0.001297"/>
</if>
<kw name="Return From Keyword" owner="BuiltIn">
<msg time="2026-03-11T17:11:17.618201" level="INFO">Returning from the enclosing user keyword.</msg>
<arg>${text}</arg>
<doc>Returns from the enclosing user keyword.</doc>
<status status="PASS" start="2026-03-11T17:11:17.617841" elapsed="0.000471"/>
</kw>
<msg time="2026-03-11T17:11:17.618568" level="INFO">${name} = Dennis Schulist</msg>
<var>${name}</var>
<arg>${name}</arg>
<status status="PASS" start="2026-03-11T17:11:17.615868" elapsed="0.002752"/>
</kw>
<kw name="Return From Keyword If" owner="BuiltIn">
<msg time="2026-03-11T17:11:17.620763" level="INFO">Returning from the enclosing user keyword.</msg>
<arg>"${user['first_name']} ${user['last_name']}" == "${name}"</arg>
<arg>${i+1}</arg>
<doc>Returns from the enclosing user keyword if ``condition`` is true.</doc>
<status status="PASS" start="2026-03-11T17:11:17.618830" elapsed="0.002031"/>
</kw>
<var name="${i}">0</var>
<var name="${elem}">&lt;selenium.webdriver.remote.webelement.WebElement (session="42f24105ba216933bdc13d7c01c6dd7c", element="f.FDCCFE9EB2D7455F6A84A281F81A9A8B.d.E832A80EA6721A4202F72BEA3868611F.e.178")&gt;</var>
<status status="PASS" start="2026-03-11T17:11:17.591623" elapsed="0.029330"/>
</iter>
<var>${i}</var>
<var>${elem}</var>
<value>@{web_elems}</value>
<status status="PASS" start="2026-03-11T17:11:17.591333" elapsed="0.029716"/>
</for>
<return>
<value>None</value>
<status status="NOT RUN" start="2026-03-11T17:11:17.621165" elapsed="0.000053"/>
</return>
<msg time="2026-03-11T17:11:17.621997" level="INFO">${user_row} = 1</msg>
<var>${user_row}</var>
<arg>${user}</arg>
<status status="PASS" start="2026-03-11T17:11:15.183263" elapsed="2.438787"/>
</kw>
<kw name="Should Not Be Equal As Strings" owner="BuiltIn">
<msg time="2026-03-11T17:11:17.622769" level="INFO">Argument types are:
&lt;class 'str'&gt;
&lt;class 'int'&gt;</msg>
<arg>None</arg>
<arg>${user_row}</arg>
<doc>Fails if objects are equal after converting them to strings.</doc>
<status status="PASS" start="2026-03-11T17:11:17.622272" elapsed="0.000629"/>
</kw>
<arg>${user}</arg>
<status status="PASS" start="2026-03-11T17:11:15.182069" elapsed="2.440984"/>
</kw>
<kw name="Verify Customer Identity Details" owner="Customer">
<kw name="Navigate" owner="App">
<kw name="Set Variable" owner="BuiltIn">
<msg time="2026-03-11T17:11:17.624982" level="INFO">${sub_menu_loc} = //a[descendant::p[text()="Customers"]]</msg>
<var>${sub_menu_loc}</var>
<arg>//a[descendant::p[text()="${sub_menu}"]]</arg>
<doc>Returns the given values which can then be assigned to a variables.</doc>
<status status="PASS" start="2026-03-11T17:11:17.624473" elapsed="0.000560"/>
</kw>
<kw name="Run Keyword And Return Status" owner="BuiltIn">
<kw name="Element Should Be Visible" owner="SeleniumLibrary">
<msg time="2026-03-11T17:11:17.640340" level="INFO">Element '//a[descendant::p[text()="Customers"]]' is displayed.</msg>
<arg>${sub_menu_loc}</arg>
<doc>Verifies that the element identified by ``locator`` is visible.</doc>
<status status="PASS" start="2026-03-11T17:11:17.625641" elapsed="0.014870"/>
</kw>
<msg time="2026-03-11T17:11:17.640736" level="INFO">${status} = True</msg>
<var>${status}</var>
<arg>Element Should Be Visible</arg>
<arg>${sub_menu_loc}</arg>
<doc>Runs the specified keyword and returns the status as a Boolean value.</doc>
<status status="PASS" start="2026-03-11T17:11:17.625219" elapsed="0.015558"/>
</kw>
<if>
<branch type="IF" condition="not ${status}">
<kw name="Get Parent Menu" owner="App">
<var>${parent_menu}</var>
<arg>${sub_menu}</arg>
<status status="NOT RUN" start="2026-03-11T17:11:17.641362" elapsed="0.000054"/>
</kw>
<kw name="Click Element" owner="SeleniumLibrary">
<arg>${parent_menu}</arg>
<doc>Click the element identified by ``locator``.</doc>
<status status="NOT RUN" start="2026-03-11T17:11:17.641590" elapsed="0.000041"/>
</kw>
<kw name="Wait Until Element Is Visible" owner="SeleniumLibrary">
<arg>${sub_menu_loc}</arg>
<doc>Waits until the element ``locator`` is visible.</doc>
<status status="NOT RUN" start="2026-03-11T17:11:17.641771" elapsed="0.000039"/>
</kw>
<status status="NOT RUN" start="2026-03-11T17:11:17.640935" elapsed="0.000929"/>
</branch>
<status status="PASS" start="2026-03-11T17:11:17.640887" elapsed="0.001029"/>
</if>
<kw name="Click Element" owner="SeleniumLibrary">
<msg time="2026-03-11T17:11:17.642364" level="INFO">Clicking element '//a[descendant::p[text()="Customers"]]'.</msg>
<arg>${sub_menu_loc}</arg>
<doc>Click the element identified by ``locator``.</doc>
<status status="PASS" start="2026-03-11T17:11:17.642035" elapsed="0.063244"/>
</kw>
<kw name="Wait Until Element Is Visible" owner="SeleniumLibrary">
<arg>//h6[//span[text()="${sub_menu}"]]</arg>
<doc>Waits until the element ``locator`` is visible.</doc>
<status status="PASS" start="2026-03-11T17:11:17.705663" elapsed="0.030532"/>
</kw>
<kw name="Run Keyword If" owner="BuiltIn">
<kw name="Sleep" owner="BuiltIn">
<msg time="2026-03-11T17:11:19.737747" level="INFO">Slept 2 seconds.</msg>
<arg>2s</arg>
<doc>Pauses the test executed for the given time.</doc>
<status status="PASS" start="2026-03-11T17:11:17.737220" elapsed="2.000842"/>
</kw>
<arg>"${sub_menu}" == "Customers"</arg>
<arg>Sleep</arg>
<arg>2s</arg>
<doc>Runs the given keyword with the given arguments, if ``condition`` is true.</doc>
<status status="PASS" start="2026-03-11T17:11:17.736525" elapsed="2.001929"/>
</kw>
<arg>Customers</arg>
<status status="PASS" start="2026-03-11T17:11:17.624080" elapsed="2.114648"/>
</kw>
<kw name="Get Customer Row" owner="Customer">
<kw name="Navigate" owner="App">
<kw name="Set Variable" owner="BuiltIn">
<msg time="2026-03-11T17:11:19.742838" level="INFO">${sub_menu_loc} = //a[descendant::p[text()="Customers"]]</msg>
<var>${sub_menu_loc}</var>
<arg>//a[descendant::p[text()="${sub_menu}"]]</arg>
<doc>Returns the given values which can then be assigned to a variables.</doc>
<status status="PASS" start="2026-03-11T17:11:19.741693" elapsed="0.001285"/>
</kw>
<kw name="Run Keyword And Return Status" owner="BuiltIn">
<kw name="Element Should Be Visible" owner="SeleniumLibrary">
<msg time="2026-03-11T17:11:19.761192" level="INFO">Element '//a[descendant::p[text()="Customers"]]' is displayed.</msg>
<arg>${sub_menu_loc}</arg>
<doc>Verifies that the element identified by ``locator`` is visible.</doc>
<status status="PASS" start="2026-03-11T17:11:19.744391" elapsed="0.017085"/>
</kw>
<msg time="2026-03-11T17:11:19.761908" level="INFO">${status} = True</msg>
<var>${status}</var>
<arg>Element Should Be Visible</arg>
<arg>${sub_menu_loc}</arg>
<doc>Runs the specified keyword and returns the status as a Boolean value.</doc>
<status status="PASS" start="2026-03-11T17:11:19.743414" elapsed="0.018593"/>
</kw>
<if>
<branch type="IF" condition="not ${status}">
<kw name="Get Parent Menu" owner="App">
<var>${parent_menu}</var>
<arg>${sub_menu}</arg>
<status status="NOT RUN" start="2026-03-11T17:11:19.763218" elapsed="0.000120"/>
</kw>
<kw name="Click Element" owner="SeleniumLibrary">
<arg>${parent_menu}</arg>
<doc>Click the element identified by ``locator``.</doc>
<status status="NOT RUN" start="2026-03-11T17:11:19.763729" elapsed="0.000098"/>
</kw>
<kw name="Wait Until Element Is Visible" owner="SeleniumLibrary">
<arg>${sub_menu_loc}</arg>
<doc>Waits until the element ``locator`` is visible.</doc>
<status status="NOT RUN" start="2026-03-11T17:11:19.764169" elapsed="0.000096"/>
</kw>
<status status="NOT RUN" start="2026-03-11T17:11:19.762331" elapsed="0.002066"/>
</branch>
<status status="PASS" start="2026-03-11T17:11:19.762245" elapsed="0.002276"/>
</if>
<kw name="Click Element" owner="SeleniumLibrary">
<msg time="2026-03-11T17:11:19.765489" level="INFO">Clicking element '//a[descendant::p[text()="Customers"]]'.</msg>
<arg>${sub_menu_loc}</arg>
<doc>Click the element identified by ``locator``.</doc>
<status status="PASS" start="2026-03-11T17:11:19.764813" elapsed="0.068703"/>
</kw>
<kw name="Wait Until Element Is Visible" owner="SeleniumLibrary">
<arg>//h6[//span[text()="${sub_menu}"]]</arg>
<doc>Waits until the element ``locator`` is visible.</doc>
<status status="PASS" start="2026-03-11T17:11:19.834045" elapsed="0.031065"/>
</kw>
<kw name="Run Keyword If" owner="BuiltIn">
<kw name="Sleep" owner="BuiltIn">
<msg time="2026-03-11T17:11:21.867460" level="INFO">Slept 2 seconds.</msg>
<arg>2s</arg>
<doc>Pauses the test executed for the given time.</doc>
<status status="PASS" start="2026-03-11T17:11:19.866681" elapsed="2.001042"/>
</kw>
<arg>"${sub_menu}" == "Customers"</arg>
<arg>Sleep</arg>
<arg>2s</arg>
<doc>Runs the given keyword with the given arguments, if ``condition`` is true.</doc>
<status status="PASS" start="2026-03-11T17:11:19.865599" elapsed="2.002307"/>
</kw>
<arg>Customers</arg>
<status status="PASS" start="2026-03-11T17:11:19.740864" elapsed="2.127214"/>
</kw>
<kw name="Get WebElements" owner="SeleniumLibrary">
<msg time="2026-03-11T17:11:21.878923" level="INFO">${web_elems} = [&lt;selenium.webdriver.remote.webelement.WebElement (session="42f24105ba216933bdc13d7c01c6dd7c", element="f.FDCCFE9EB2D7455F6A84A281F81A9A8B.d.E832A80EA6721A4202F72BEA3868611F.e.178")&gt;, &lt;selenium.webdri...</msg>
<var>${web_elems}</var>
<arg>//tbody//tr</arg>
<doc>Returns a list of WebElement objects matching the ``locator``.</doc>
<status status="PASS" start="2026-03-11T17:11:21.868421" elapsed="0.010595"/>
</kw>
<for flavor="IN ENUMERATE">
<iter>
<kw name="Set Variable" owner="BuiltIn">
<msg time="2026-03-11T17:11:21.881448" level="INFO">${row_index} = 1</msg>
<var>${row_index}</var>
<arg>${i + 1}</arg>
<doc>Returns the given values which can then be assigned to a variables.</doc>
<status status="PASS" start="2026-03-11T17:11:21.879805" elapsed="0.001757"/>
</kw>
<kw name="Get Text" owner="SeleniumLibrary">
<msg time="2026-03-11T17:11:21.902001" level="INFO">${name} = D
Dennis Schulist</msg>
<var>${name}</var>
<arg>((//tbody//tr)[${row_index}]//td)[2]</arg>
<doc>Returns the text value of the element identified by ``locator``.</doc>
<status status="PASS" start="2026-03-11T17:11:21.882004" elapsed="0.020102"/>
</kw>
<kw name="Clean Text" owner="Customer">
<if>
<branch type="IF" condition="&quot;\\n&quot; in &quot;&quot;&quot;${text}&quot;&quot;&quot;">
<kw name="Evaluate" owner="BuiltIn">
<msg time="2026-03-11T17:11:21.904327" level="INFO">${text} = Dennis Schulist</msg>
<var>${text}</var>
<arg>"""${text}""".replace("\\n","")[1:]</arg>
<doc>Evaluates the given expression in Python and returns the result.</doc>
<status status="PASS" start="2026-03-11T17:11:21.903650" elapsed="0.000737"/>
</kw>
<status status="PASS" start="2026-03-11T17:11:21.903280" elapsed="0.001202"/>
</branch>
<status status="PASS" start="2026-03-11T17:11:21.903232" elapsed="0.001315"/>
</if>
<kw name="Return From Keyword" owner="BuiltIn">
<msg time="2026-03-11T17:11:21.905037" level="INFO">Returning from the enclosing user keyword.</msg>
<arg>${text}</arg>
<doc>Returns from the enclosing user keyword.</doc>
<status status="PASS" start="2026-03-11T17:11:21.904724" elapsed="0.000403"/>
</kw>
<msg time="2026-03-11T17:11:21.905396" level="INFO">${name} = Dennis Schulist</msg>
<var>${name}</var>
<arg>${name}</arg>
<status status="PASS" start="2026-03-11T17:11:21.902632" elapsed="0.002809"/>
</kw>
<kw name="Return From Keyword If" owner="BuiltIn">
<msg time="2026-03-11T17:11:21.907299" level="INFO">Returning from the enclosing user keyword.</msg>
<arg>"${user['first_name']} ${user['last_name']}" == "${name}"</arg>
<arg>${i+1}</arg>
<doc>Returns from the enclosing user keyword if ``condition`` is true.</doc>
<status status="PASS" start="2026-03-11T17:11:21.905677" elapsed="0.001721"/>
</kw>
<var name="${i}">0</var>
<var name="${elem}">&lt;selenium.webdriver.remote.webelement.WebElement (session="42f24105ba216933bdc13d7c01c6dd7c", element="f.FDCCFE9EB2D7455F6A84A281F81A9A8B.d.E832A80EA6721A4202F72BEA3868611F.e.178")&gt;</var>
<status status="PASS" start="2026-03-11T17:11:21.879582" elapsed="0.027907"/>
</iter>
<var>${i}</var>
<var>${elem}</var>
<value>@{web_elems}</value>
<status status="PASS" start="2026-03-11T17:11:21.879213" elapsed="0.028357"/>
</for>
<return>
<value>None</value>
<status status="NOT RUN" start="2026-03-11T17:11:21.907692" elapsed="0.000044"/>
</return>
<msg time="2026-03-11T17:11:21.908339" level="INFO">${user_row} = 1</msg>
<var>${user_row}</var>
<arg>${user}</arg>
<status status="PASS" start="2026-03-11T17:11:19.739512" elapsed="2.168872"/>
</kw>
<kw name="Wait Until Element Is Visible" owner="SeleniumLibrary">
<arg>((//tbody//tr)[${user_row}]//td)[2]</arg>
<doc>Waits until the element ``locator`` is visible.</doc>
<status status="PASS" start="2026-03-11T17:11:21.908590" elapsed="0.031040"/>
</kw>
<kw name="Click Element" owner="SeleniumLibrary">
<msg time="2026-03-11T17:11:21.940828" level="INFO">Clicking element '((//tbody//tr)[1]//td)[2]'.</msg>
<arg>((//tbody//tr)[${user_row}]//td)[2]</arg>
<doc>Click the element identified by ``locator``.</doc>
<status status="PASS" start="2026-03-11T17:11:21.940232" elapsed="0.096999"/>
</kw>
<kw name="Wait Until Element Is Visible" owner="SeleniumLibrary">
<arg>${cust_txt_first_name}</arg>
<doc>Waits until the element ``locator`` is visible.</doc>
<status status="PASS" start="2026-03-11T17:11:22.037563" elapsed="0.286358"/>
</kw>
<kw name="Create List" owner="BuiltIn">
<msg time="2026-03-11T17:11:22.325468" level="INFO">${locators} = ['//input[@name="first_name"]', '//input[@name="last_name"]', '//input[@name="email"]', '//input[@name="birthday"]', '//textarea[@name="address"]', '//input[@name="city"]', '//input[@name="stateAbbr"]...</msg>
<var>${locators}</var>
<arg>${cust_txt_first_name}</arg>
<arg>${cust_txt_last_name}</arg>
<arg>${cust_txt_email}</arg>
<arg>${cust_txt_birthday}</arg>
<arg>${cust_txt_address}</arg>
<arg>${cust_txt_city}</arg>
<arg>${cust_txt_stateAbbr}</arg>
<arg>${cust_txt_zipcode}</arg>
<arg>${cust_txt_password}</arg>
<arg>${cust_txt_confirm_password}</arg>
<doc>Returns a list containing given items.</doc>
<status status="PASS" start="2026-03-11T17:11:22.324329" elapsed="0.001209"/>
</kw>
<kw name="Create List" owner="BuiltIn">
<msg time="2026-03-11T17:11:22.332545" level="INFO">${expected_values} = ['Dennis', 'Schulist', 'Karley_Dach@jasper.info', '11/05/2001', 'Norberto Crossing Apt. 950', 'South Christy', 'NAS', '23505-1337', '2ohIBcPJ', '2ohIBcPJ']</msg>
<var>${expected_values}</var>
<arg>${user['first_name']}</arg>
<arg>${user['last_name']}</arg>
<arg>${user['email']}</arg>
<arg>${user['birthday']}</arg>
<arg>${user["address"]["street"]} ${user["address"]["suite"]}</arg>
<arg>${user["address"]["city"]}</arg>
<arg>${user["address"]["stateAbbr"]}</arg>
<arg>${user["address"]["zipcode"]}</arg>
<arg>${user['password']}</arg>
<arg>${user['password']}</arg>
<doc>Returns a list containing given items.</doc>
<status status="PASS" start="2026-03-11T17:11:22.325823" elapsed="0.006818"/>
</kw>
<for flavor="IN ENUMERATE">
<iter>
<kw name="Mouse Over" owner="SeleniumLibrary">
<msg time="2026-03-11T17:11:22.334003" level="INFO">Simulating Mouse Over on element '//input[@name="first_name"]'.</msg>
<arg>${locator}</arg>
<doc>Simulates hovering the mouse over the element ``locator``.</doc>
<status status="PASS" start="2026-03-11T17:11:22.333709" elapsed="0.266890"/>
</kw>
<kw name="Get Value" owner="SeleniumLibrary">
<msg time="2026-03-11T17:11:22.616706" level="INFO">${value_text} = Dennis</msg>
<var>${value_text}</var>
<arg>${locator}</arg>
<doc>Returns the value attribute of the element identified by ``locator``.</doc>
<status status="PASS" start="2026-03-11T17:11:22.600942" elapsed="0.015850"/>
</kw>
<if>
<branch type="IF" condition="'${locator}' == '${cust_txt_birthday}'">
<kw name="Format Birthday" owner="Customer">
<var>${value_text}</var>
<arg>${value_text}</arg>
<status status="NOT RUN" start="2026-03-11T17:11:22.617503" elapsed="0.000059"/>
</kw>
<status status="NOT RUN" start="2026-03-11T17:11:22.617009" elapsed="0.000624"/>
</branch>
<status status="PASS" start="2026-03-11T17:11:22.616960" elapsed="0.000733"/>
</if>
<kw name="Should Be Equal As Strings" owner="BuiltIn">
<arg>${expected_values[${i}]}</arg>
<arg>${value_text}</arg>
<doc>Fails if objects are unequal after converting them to strings.</doc>
<status status="PASS" start="2026-03-11T17:11:22.617853" elapsed="0.001396"/>
</kw>
<var name="${i}">0</var>
<var name="${locator}">//input[@name="first_name"]</var>
<status status="PASS" start="2026-03-11T17:11:22.333498" elapsed="0.285844"/>
</iter>
<iter>
<kw name="Mouse Over" owner="SeleniumLibrary">
<msg time="2026-03-11T17:11:22.620134" level="INFO">Simulating Mouse Over on element '//input[@name="last_name"]'.</msg>
<arg>${locator}</arg>
<doc>Simulates hovering the mouse over the element ``locator``.</doc>
<status status="PASS" start="2026-03-11T17:11:22.619817" elapsed="0.281069"/>
</kw>
<kw name="Get Value" owner="SeleniumLibrary">
<msg time="2026-03-11T17:11:22.921751" level="INFO">${value_text} = Schulist</msg>
<var>${value_text}</var>
<arg>${locator}</arg>
<doc>Returns the value attribute of the element identified by ``locator``.</doc>
<status status="PASS" start="2026-03-11T17:11:22.901245" elapsed="0.020636"/>
</kw>
<if>
<branch type="IF" condition="'${locator}' == '${cust_txt_birthday}'">
<kw name="Format Birthday" owner="Customer">
<var>${value_text}</var>
<arg>${value_text}</arg>
<status status="NOT RUN" start="2026-03-11T17:11:22.923111" elapsed="0.000113"/>
</kw>
<status status="NOT RUN" start="2026-03-11T17:11:22.922242" elapsed="0.001127"/>
</branch>
<status status="PASS" start="2026-03-11T17:11:22.922165" elapsed="0.001313"/>
</if>
<kw name="Should Be Equal As Strings" owner="BuiltIn">
<arg>${expected_values[${i}]}</arg>
<arg>${value_text}</arg>
<doc>Fails if objects are unequal after converting them to strings.</doc>
<status status="PASS" start="2026-03-11T17:11:22.923756" elapsed="0.002503"/>
</kw>
<var name="${i}">1</var>
<var name="${locator}">//input[@name="last_name"]</var>
<status status="PASS" start="2026-03-11T17:11:22.619635" elapsed="0.306825"/>
</iter>
<iter>
<kw name="Mouse Over" owner="SeleniumLibrary">
<msg time="2026-03-11T17:11:22.927902" level="INFO">Simulating Mouse Over on element '//input[@name="email"]'.</msg>
<arg>${locator}</arg>
<doc>Simulates hovering the mouse over the element ``locator``.</doc>
<status status="PASS" start="2026-03-11T17:11:22.927358" elapsed="0.274894"/>
</kw>
<kw name="Get Value" owner="SeleniumLibrary">
<msg time="2026-03-11T17:11:23.219900" level="INFO">${value_text} = Karley_Dach@jasper.info</msg>
<var>${value_text}</var>
<arg>${locator}</arg>
<doc>Returns the value attribute of the element identified by ``locator``.</doc>
<status status="PASS" start="2026-03-11T17:11:23.202737" elapsed="0.017260"/>
</kw>
<if>
<branch type="IF" condition="'${locator}' == '${cust_txt_birthday}'">
<kw name="Format Birthday" owner="Customer">
<var>${value_text}</var>
<arg>${value_text}</arg>
<status status="NOT RUN" start="2026-03-11T17:11:23.220748" elapsed="0.000057"/>
</kw>
<status status="NOT RUN" start="2026-03-11T17:11:23.220238" elapsed="0.000635"/>
</branch>
<status status="PASS" start="2026-03-11T17:11:23.220177" elapsed="0.000753"/>
</if>
<kw name="Should Be Equal As Strings" owner="BuiltIn">
<arg>${expected_values[${i}]}</arg>
<arg>${value_text}</arg>
<doc>Fails if objects are unequal after converting them to strings.</doc>
<status status="PASS" start="2026-03-11T17:11:23.221083" elapsed="0.001192"/>
</kw>
<var name="${i}">2</var>
<var name="${locator}">//input[@name="email"]</var>
<status status="PASS" start="2026-03-11T17:11:22.927024" elapsed="0.295329"/>
</iter>
<iter>
<kw name="Mouse Over" owner="SeleniumLibrary">
<msg time="2026-03-11T17:11:23.223043" level="INFO">Simulating Mouse Over on element '//input[@name="birthday"]'.</msg>
<arg>${locator}</arg>
<doc>Simulates hovering the mouse over the element ``locator``.</doc>
<status status="PASS" start="2026-03-11T17:11:23.222759" elapsed="0.267719"/>
</kw>
<kw name="Get Value" owner="SeleniumLibrary">
<msg time="2026-03-11T17:11:23.505072" level="INFO">${value_text} = 2001-11-05</msg>
<var>${value_text}</var>
<arg>${locator}</arg>
<doc>Returns the value attribute of the element identified by ``locator``.</doc>
<status status="PASS" start="2026-03-11T17:11:23.490824" elapsed="0.014332"/>
</kw>
<if>
<branch type="IF" condition="'${locator}' == '${cust_txt_birthday}'">
<kw name="Format Birthday" owner="Customer">
<kw name="Evaluate" owner="BuiltIn">
<msg time="2026-03-11T17:11:23.507080" level="INFO">${formatted} = 11/05/2001</msg>
<var>${formatted}</var>
<arg>"/".join("${date}".split("-")[1:]+["${date}".split("-")[0]])</arg>
<doc>Evaluates the given expression in Python and returns the result.</doc>
<status status="PASS" start="2026-03-11T17:11:23.506378" elapsed="0.000759"/>
</kw>
<return>
<value>${formatted}</value>
<status status="PASS" start="2026-03-11T17:11:23.507242" elapsed="0.000075"/>
</return>
<msg time="2026-03-11T17:11:23.507529" level="INFO">${value_text} = 11/05/2001</msg>
<var>${value_text}</var>
<arg>${value_text}</arg>
<status status="PASS" start="2026-03-11T17:11:23.505862" elapsed="0.001710"/>
</kw>
<status status="PASS" start="2026-03-11T17:11:23.505372" elapsed="0.002272"/>
</branch>
<status status="PASS" start="2026-03-11T17:11:23.505321" elapsed="0.002384"/>
</if>
<kw name="Should Be Equal As Strings" owner="BuiltIn">
<arg>${expected_values[${i}]}</arg>
<arg>${value_text}</arg>
<doc>Fails if objects are unequal after converting them to strings.</doc>
<status status="PASS" start="2026-03-11T17:11:23.507869" elapsed="0.001267"/>
</kw>
<var name="${i}">3</var>
<var name="${locator}">//input[@name="birthday"]</var>
<status status="PASS" start="2026-03-11T17:11:23.222599" elapsed="0.286712"/>
</iter>
<iter>
<kw name="Mouse Over" owner="SeleniumLibrary">
<msg time="2026-03-11T17:11:23.510225" level="INFO">Simulating Mouse Over on element '//textarea[@name="address"]'.</msg>
<arg>${locator}</arg>
<doc>Simulates hovering the mouse over the element ``locator``.</doc>
<status status="PASS" start="2026-03-11T17:11:23.509844" elapsed="0.267762"/>
</kw>
<kw name="Get Value" owner="SeleniumLibrary">
<msg time="2026-03-11T17:11:23.797254" level="INFO">${value_text} = Norberto Crossing Apt. 950</msg>
<var>${value_text}</var>
<arg>${locator}</arg>
<doc>Returns the value attribute of the element identified by ``locator``.</doc>
<status status="PASS" start="2026-03-11T17:11:23.778173" elapsed="0.019229"/>
</kw>
<if>
<branch type="IF" condition="'${locator}' == '${cust_txt_birthday}'">
<kw name="Format Birthday" owner="Customer">
<var>${value_text}</var>
<arg>${value_text}</arg>
<status status="NOT RUN" start="2026-03-11T17:11:23.798700" elapsed="0.000123"/>
</kw>
<status status="NOT RUN" start="2026-03-11T17:11:23.797778" elapsed="0.001229"/>
</branch>
<status status="PASS" start="2026-03-11T17:11:23.797692" elapsed="0.001445"/>
</if>
<kw name="Should Be Equal As Strings" owner="BuiltIn">
<arg>${expected_values[${i}]}</arg>
<arg>${value_text}</arg>
<doc>Fails if objects are unequal after converting them to strings.</doc>
<status status="PASS" start="2026-03-11T17:11:23.799464" elapsed="0.002744"/>
</kw>
<var name="${i}">4</var>
<var name="${locator}">//textarea[@name="address"]</var>
<status status="PASS" start="2026-03-11T17:11:23.509631" elapsed="0.292770"/>
</iter>
<iter>
<kw name="Mouse Over" owner="SeleniumLibrary">
<msg time="2026-03-11T17:11:23.804030" level="INFO">Simulating Mouse Over on element '//input[@name="city"]'.</msg>
<arg>${locator}</arg>
<doc>Simulates hovering the mouse over the element ``locator``.</doc>
<status status="PASS" start="2026-03-11T17:11:23.803402" elapsed="0.273806"/>
</kw>
<kw name="Get Value" owner="SeleniumLibrary">
<msg time="2026-03-11T17:11:24.092179" level="INFO">${value_text} = South Christy</msg>
<var>${value_text}</var>
<arg>${locator}</arg>
<doc>Returns the value attribute of the element identified by ``locator``.</doc>
<status status="PASS" start="2026-03-11T17:11:24.077555" elapsed="0.014718"/>
</kw>
<if>
<branch type="IF" condition="'${locator}' == '${cust_txt_birthday}'">
<kw name="Format Birthday" owner="Customer">
<var>${value_text}</var>
<arg>${value_text}</arg>
<status status="NOT RUN" start="2026-03-11T17:11:24.093041" elapsed="0.000063"/>
</kw>
<status status="NOT RUN" start="2026-03-11T17:11:24.092503" elapsed="0.000679"/>
</branch>
<status status="PASS" start="2026-03-11T17:11:24.092451" elapsed="0.000793"/>
</if>
<kw name="Should Be Equal As Strings" owner="BuiltIn">
<arg>${expected_values[${i}]}</arg>
<arg>${value_text}</arg>
<doc>Fails if objects are unequal after converting them to strings.</doc>
<status status="PASS" start="2026-03-11T17:11:24.093421" elapsed="0.001922"/>
</kw>
<var name="${i}">5</var>
<var name="${locator}">//input[@name="city"]</var>
[...]
<arg>${cust_txt_first_name}</arg>
<arg>${cust_txt_last_name}</arg>
<arg>${cust_txt_email}</arg>
<arg>${cust_txt_birthday}</arg>
<arg>${cust_txt_address}</arg>
<arg>${cust_txt_city}</arg>
<arg>${cust_txt_stateAbbr}</arg>
<arg>${cust_txt_zipcode}</arg>
<arg>${cust_txt_password}</arg>
<arg>${cust_txt_confirm_password}</arg>
<doc>Returns a list containing given items.</doc>
<status status="PASS" start="2026-03-11T17:12:39.072176" elapsed="0.001418"/>
</kw>
<kw name="Create List" owner="BuiltIn">
<msg time="2026-03-11T17:12:39.079385" level="INFO">${expected_values} = ['Clementina', 'DuBuque', 'Rey.Padberg@karina.biz', '09/12/2006', 'Kattie Turnpike Suite 198', 'Lebsackbury', 'KSL', '31428-2261', 'RCQBrkya', 'RCQBrkya']</msg>
<var>${expected_values}</var>
<arg>${user['first_name']}</arg>
<arg>${user['last_name']}</arg>
<arg>${user['email']}</arg>
<arg>${user['birthday']}</arg>
<arg>${user["address"]["street"]} ${user["address"]["suite"]}</arg>
<arg>${user["address"]["city"]}</arg>
<arg>${user["address"]["stateAbbr"]}</arg>
<arg>${user["address"]["zipcode"]}</arg>
<arg>${user['password']}</arg>
<arg>${user['password']}</arg>
<doc>Returns a list containing given items.</doc>
<status status="PASS" start="2026-03-11T17:12:39.073937" elapsed="0.005507"/>
</kw>
<for flavor="IN ENUMERATE">
<iter>
<kw name="Mouse Over" owner="SeleniumLibrary">
<msg time="2026-03-11T17:12:39.080338" level="INFO">Simulating Mouse Over on element '//input[@name="first_name"]'.</msg>
<arg>${locator}</arg>
<doc>Simulates hovering the mouse over the element ``locator``.</doc>
<status status="PASS" start="2026-03-11T17:12:39.080069" elapsed="0.277004"/>
</kw>
<kw name="Get Value" owner="SeleniumLibrary">
<msg time="2026-03-11T17:12:39.371156" level="INFO">${value_text} = Clementina</msg>
<var>${value_text}</var>
<arg>${locator}</arg>
<doc>Returns the value attribute of the element identified by ``locator``.</doc>
<status status="PASS" start="2026-03-11T17:12:39.357531" elapsed="0.013741"/>
</kw>
<if>
<branch type="IF" condition="'${locator}' == '${cust_txt_birthday}'">
<kw name="Format Birthday" owner="Customer">
<var>${value_text}</var>
<arg>${value_text}</arg>
<status status="NOT RUN" start="2026-03-11T17:12:39.372146" elapsed="0.000090"/>
</kw>
<status status="NOT RUN" start="2026-03-11T17:12:39.371552" elapsed="0.000786"/>
</branch>
<status status="PASS" start="2026-03-11T17:12:39.371485" elapsed="0.000928"/>
</if>
<kw name="Should Be Equal As Strings" owner="BuiltIn">
<arg>${expected_values[${i}]}</arg>
<arg>${value_text}</arg>
<doc>Fails if objects are unequal after converting them to strings.</doc>
<status status="PASS" start="2026-03-11T17:12:39.372627" elapsed="0.001564"/>
</kw>
<var name="${i}">0</var>
<var name="${locator}">//input[@name="first_name"]</var>
<status status="PASS" start="2026-03-11T17:12:39.079900" elapsed="0.294387"/>
</iter>
<iter>
<kw name="Mouse Over" owner="SeleniumLibrary">
<msg time="2026-03-11T17:12:39.375123" level="INFO">Simulating Mouse Over on element '//input[@name="last_name"]'.</msg>
<arg>${locator}</arg>
<doc>Simulates hovering the mouse over the element ``locator``.</doc>
<status status="PASS" start="2026-03-11T17:12:39.374775" elapsed="0.266463"/>
</kw>
<kw name="Get Value" owner="SeleniumLibrary">
<msg time="2026-03-11T17:12:39.653878" level="INFO">${value_text} = DuBuque</msg>
<var>${value_text}</var>
<arg>${locator}</arg>
<doc>Returns the value attribute of the element identified by ``locator``.</doc>
<status status="PASS" start="2026-03-11T17:12:39.641578" elapsed="0.012383"/>
</kw>
<if>
<branch type="IF" condition="'${locator}' == '${cust_txt_birthday}'">
<kw name="Format Birthday" owner="Customer">
<var>${value_text}</var>
<arg>${value_text}</arg>
<status status="NOT RUN" start="2026-03-11T17:12:39.654665" elapsed="0.000057"/>
</kw>
<status status="NOT RUN" start="2026-03-11T17:12:39.654178" elapsed="0.000611"/>
</branch>
<status status="PASS" start="2026-03-11T17:12:39.654125" elapsed="0.000723"/>
</if>
<kw name="Should Be Equal As Strings" owner="BuiltIn">
<arg>${expected_values[${i}]}</arg>
<arg>${value_text}</arg>
<doc>Fails if objects are unequal after converting them to strings.</doc>
<status status="PASS" start="2026-03-11T17:12:39.655018" elapsed="0.001348"/>
</kw>
<var name="${i}">1</var>
<var name="${locator}">//input[@name="last_name"]</var>
<status status="PASS" start="2026-03-11T17:12:39.374588" elapsed="0.281869"/>
</iter>
<iter>
<kw name="Mouse Over" owner="SeleniumLibrary">
<msg time="2026-03-11T17:12:39.657221" level="INFO">Simulating Mouse Over on element '//input[@name="email"]'.</msg>
<arg>${locator}</arg>
<doc>Simulates hovering the mouse over the element ``locator``.</doc>
<status status="PASS" start="2026-03-11T17:12:39.656916" elapsed="0.265390"/>
</kw>
<kw name="Get Value" owner="SeleniumLibrary">
<msg time="2026-03-11T17:12:39.936268" level="INFO">${value_text} = Rey.Padberg@karina.biz</msg>
<var>${value_text}</var>
<arg>${locator}</arg>
<doc>Returns the value attribute of the element identified by ``locator``.</doc>
<status status="PASS" start="2026-03-11T17:12:39.922645" elapsed="0.013708"/>
</kw>
<if>
<branch type="IF" condition="'${locator}' == '${cust_txt_birthday}'">
<kw name="Format Birthday" owner="Customer">
<var>${value_text}</var>
<arg>${value_text}</arg>
<status status="NOT RUN" start="2026-03-11T17:12:39.937184" elapsed="0.000059"/>
</kw>
<status status="NOT RUN" start="2026-03-11T17:12:39.936563" elapsed="0.000750"/>
</branch>
<status status="PASS" start="2026-03-11T17:12:39.936511" elapsed="0.000860"/>
</if>
<kw name="Should Be Equal As Strings" owner="BuiltIn">
<arg>${expected_values[${i}]}</arg>
<arg>${value_text}</arg>
<doc>Fails if objects are unequal after converting them to strings.</doc>
<status status="PASS" start="2026-03-11T17:12:39.937529" elapsed="0.001321"/>
</kw>
<var name="${i}">2</var>
<var name="${locator}">//input[@name="email"]</var>
<status status="PASS" start="2026-03-11T17:12:39.656741" elapsed="0.282215"/>
</iter>
<iter>
<kw name="Mouse Over" owner="SeleniumLibrary">
<msg time="2026-03-11T17:12:39.939731" level="INFO">Simulating Mouse Over on element '//input[@name="birthday"]'.</msg>
<arg>${locator}</arg>
<doc>Simulates hovering the mouse over the element ``locator``.</doc>
<status status="PASS" start="2026-03-11T17:12:39.939418" elapsed="0.265953"/>
</kw>
<kw name="Get Value" owner="SeleniumLibrary">
<msg time="2026-03-11T17:12:40.218564" level="INFO">${value_text} = 2006-09-12</msg>
<var>${value_text}</var>
<arg>${locator}</arg>
<doc>Returns the value attribute of the element identified by ``locator``.</doc>
<status status="PASS" start="2026-03-11T17:12:40.205714" elapsed="0.012932"/>
</kw>
<if>
<branch type="IF" condition="'${locator}' == '${cust_txt_birthday}'">
<kw name="Format Birthday" owner="Customer">
<kw name="Evaluate" owner="BuiltIn">
<msg time="2026-03-11T17:12:40.220545" level="INFO">${formatted} = 09/12/2006</msg>
<var>${formatted}</var>
<arg>"/".join("${date}".split("-")[1:]+["${date}".split("-")[0]])</arg>
<doc>Evaluates the given expression in Python and returns the result.</doc>
<status status="PASS" start="2026-03-11T17:12:40.219873" elapsed="0.000804"/>
</kw>
<return>
<value>${formatted}</value>
<status status="PASS" start="2026-03-11T17:12:40.220789" elapsed="0.000075"/>
</return>
<msg time="2026-03-11T17:12:40.221096" level="INFO">${value_text} = 09/12/2006</msg>
<var>${value_text}</var>
<arg>${value_text}</arg>
<status status="PASS" start="2026-03-11T17:12:40.219365" elapsed="0.001777"/>
</kw>
<status status="PASS" start="2026-03-11T17:12:40.218862" elapsed="0.002359"/>
</branch>
<status status="PASS" start="2026-03-11T17:12:40.218810" elapsed="0.002477"/>
</if>
<kw name="Should Be Equal As Strings" owner="BuiltIn">
<arg>${expected_values[${i}]}</arg>
<arg>${value_text}</arg>
<doc>Fails if objects are unequal after converting them to strings.</doc>
<status status="PASS" start="2026-03-11T17:12:40.221473" elapsed="0.001371"/>
</kw>
<var name="${i}">3</var>
<var name="${locator}">//input[@name="birthday"]</var>
<status status="PASS" start="2026-03-11T17:12:39.939244" elapsed="0.283723"/>
</iter>
<iter>
<kw name="Mouse Over" owner="SeleniumLibrary">
<msg time="2026-03-11T17:12:40.223717" level="INFO">Simulating Mouse Over on element '//textarea[@name="address"]'.</msg>
<arg>${locator}</arg>
<doc>Simulates hovering the mouse over the element ``locator``.</doc>
<status status="PASS" start="2026-03-11T17:12:40.223424" elapsed="0.267265"/>
</kw>
<kw name="Get Value" owner="SeleniumLibrary">
<msg time="2026-03-11T17:12:40.507013" level="INFO">${value_text} = Kattie Turnpike Suite 198</msg>
<var>${value_text}</var>
<arg>${locator}</arg>
<doc>Returns the value attribute of the element identified by ``locator``.</doc>
<status status="PASS" start="2026-03-11T17:12:40.491038" elapsed="0.016058"/>
</kw>
<if>
<branch type="IF" condition="'${locator}' == '${cust_txt_birthday}'">
<kw name="Format Birthday" owner="Customer">
<var>${value_text}</var>
<arg>${value_text}</arg>
<status status="NOT RUN" start="2026-03-11T17:12:40.507801" elapsed="0.000059"/>
</kw>
<status status="NOT RUN" start="2026-03-11T17:12:40.507312" elapsed="0.000617"/>
</branch>
<status status="PASS" start="2026-03-11T17:12:40.507260" elapsed="0.000727"/>
</if>
<kw name="Should Be Equal As Strings" owner="BuiltIn">
<arg>${expected_values[${i}]}</arg>
<arg>${value_text}</arg>
<doc>Fails if objects are unequal after converting them to strings.</doc>
<status status="PASS" start="2026-03-11T17:12:40.508147" elapsed="0.001599"/>
</kw>
<var name="${i}">4</var>
<var name="${locator}">//textarea[@name="address"]</var>
<status status="PASS" start="2026-03-11T17:12:40.223247" elapsed="0.286590"/>
</iter>
<iter>
<kw name="Mouse Over" owner="SeleniumLibrary">
<msg time="2026-03-11T17:12:40.510606" level="INFO">Simulating Mouse Over on element '//input[@name="city"]'.</msg>
<arg>${locator}</arg>
<doc>Simulates hovering the mouse over the element ``locator``.</doc>
<status status="PASS" start="2026-03-11T17:12:40.510296" elapsed="0.268181"/>
</kw>
<kw name="Get Value" owner="SeleniumLibrary">
<msg time="2026-03-11T17:12:40.796943" level="INFO">${value_text} = Lebsackbury</msg>
<var>${value_text}</var>
<arg>${locator}</arg>
<doc>Returns the value attribute of the element identified by ``locator``.</doc>
<status status="PASS" start="2026-03-11T17:12:40.778819" elapsed="0.018208"/>
</kw>
<if>
<branch type="IF" condition="'${locator}' == '${cust_txt_birthday}'">
<kw name="Format Birthday" owner="Customer">
<var>${value_text}</var>
<arg>${value_text}</arg>
<status status="NOT RUN" start="2026-03-11T17:12:40.797726" elapsed="0.000061"/>
</kw>
<status status="NOT RUN" start="2026-03-11T17:12:40.797237" elapsed="0.000627"/>
</branch>
<status status="PASS" start="2026-03-11T17:12:40.797186" elapsed="0.000737"/>
</if>
<kw name="Should Be Equal As Strings" owner="BuiltIn">
<arg>${expected_values[${i}]}</arg>
<arg>${value_text}</arg>
<doc>Fails if objects are unequal after converting them to strings.</doc>
<status status="PASS" start="2026-03-11T17:12:40.798088" elapsed="0.001384"/>
</kw>
<var name="${i}">5</var>
<var name="${locator}">//input[@name="city"]</var>
<status status="PASS" start="2026-03-11T17:12:40.510119" elapsed="0.289450"/>
</iter>
<iter>
<kw name="Mouse Over" owner="SeleniumLibrary">
<msg time="2026-03-11T17:12:40.800433" level="INFO">Simulating Mouse Over on element '//input[@name="stateAbbr"]'.</msg>
<arg>${locator}</arg>
<doc>Simulates hovering the mouse over the element ``locator``.</doc>
<status status="PASS" start="2026-03-11T17:12:40.800085" elapsed="0.268934"/>
</kw>
<kw name="Get Value" owner="SeleniumLibrary">
<msg time="2026-03-11T17:12:41.083474" level="INFO">${value_text} = KSL</msg>
<var>${value_text}</var>
<arg>${locator}</arg>
<doc>Returns the value attribute of the element identified by ``locator``.</doc>
<status status="PASS" start="2026-03-11T17:12:41.069355" elapsed="0.014262"/>
</kw>
<if>
<branch type="IF" condition="'${locator}' == '${cust_txt_birthday}'">
<kw name="Format Birthday" owner="Customer">
<var>${value_text}</var>
<arg>${value_text}</arg>
<status status="NOT RUN" start="2026-03-11T17:12:41.084908" elapsed="0.000120"/>
</kw>
<status status="NOT RUN" start="2026-03-11T17:12:41.083982" elapsed="0.001195"/>
</branch>
<status status="PASS" start="2026-03-11T17:12:41.083895" elapsed="0.001406"/>
</if>
<kw name="Should Be Equal As Strings" owner="BuiltIn">
<arg>${expected_values[${i}]}</arg>
<arg>${value_text}</arg>
<doc>Fails if objects are unequal after converting them to strings.</doc>
<status status="PASS" start="2026-03-11T17:12:41.085611" elapsed="0.002825"/>
</kw>
<var name="${i}">6</var>
<var name="${locator}">//input[@name="stateAbbr"]</var>
<status status="PASS" start="2026-03-11T17:12:40.799882" elapsed="0.288765"/>
</iter>
<iter>
<kw name="Mouse Over" owner="SeleniumLibrary">
<msg time="2026-03-11T17:12:41.090225" level="INFO">Simulating Mouse Over on element '//input[@name="zipcode"]'.</msg>
<arg>${locator}</arg>
<doc>Simulates hovering the mouse over the element ``locator``.</doc>
<status status="PASS" start="2026-03-11T17:12:41.089615" elapsed="0.268926"/>
</kw>
<kw name="Get Value" owner="SeleniumLibrary">
<msg time="2026-03-11T17:12:41.374480" level="INFO">${value_text} = 31428-2261</msg>
<var>${value_text}</var>
<arg>${locator}</arg>
<doc>Returns the value attribute of the element identified by ``locator``.</doc>
<status status="PASS" start="2026-03-11T17:12:41.359132" elapsed="0.015432"/>
</kw>
<if>
<branch type="IF" condition="'${locator}' == '${cust_txt_birthday}'">
<kw name="Format Birthday" owner="Customer">
<var>${value_text}</var>
<arg>${value_text}</arg>
<status status="NOT RUN" start="2026-03-11T17:12:41.375298" elapsed="0.000060"/>
</kw>
<status status="NOT RUN" start="2026-03-11T17:12:41.374781" elapsed="0.000645"/>
</branch>
<status status="PASS" start="2026-03-11T17:12:41.374728" elapsed="0.000756"/>
</if>
<kw name="Should Be Equal As Strings" owner="BuiltIn">
<arg>${expected_values[${i}]}</arg>
<arg>${value_text}</arg>
<doc>Fails if objects are unequal after converting them to strings.</doc>
<status status="PASS" start="2026-03-11T17:12:41.375641" elapsed="0.001456"/>
</kw>
<var name="${i}">7</var>
<var name="${locator}">//input[@name="zipcode"]</var>
<status status="PASS" start="2026-03-11T17:12:41.089246" elapsed="0.287946"/>
</iter>
<iter>
<kw name="Mouse Over" owner="SeleniumLibrary">
<msg time="2026-03-11T17:12:41.377979" level="INFO">Simulating Mouse Over on element '//input[@name="password"]'.</msg>
<arg>${locator}</arg>
<doc>Simulates hovering the mouse over the element ``locator``.</doc>
<status status="PASS" start="2026-03-11T17:12:41.377659" elapsed="0.266214"/>
</kw>
<kw name="Get Value" owner="SeleniumLibrary">
<msg time="2026-03-11T17:12:41.659097" level="INFO">${value_text} = RCQBrkya</msg>
<var>${value_text}</var>
<arg>${locator}</arg>
<doc>Returns the value attribute of the element identified by ``locator``.</doc>
<status status="PASS" start="2026-03-11T17:12:41.644211" elapsed="0.014969"/>
</kw>
<if>
<branch type="IF" condition="'${locator}' == '${cust_txt_birthday}'">
<kw name="Format Birthday" owner="Customer">
<var>${value_text}</var>
<arg>${value_text}</arg>
<status status="NOT RUN" start="2026-03-11T17:12:41.659990" elapsed="0.000063"/>
</kw>
<status status="NOT RUN" start="2026-03-11T17:12:41.659470" elapsed="0.000662"/>
</branch>
<status status="PASS" start="2026-03-11T17:12:41.659415" elapsed="0.000780"/>
</if>
<kw name="Should Be Equal As Strings" owner="BuiltIn">
<arg>${expected_values[${i}]}</arg>
<arg>${value_text}</arg>
<doc>Fails if objects are unequal after converting them to strings.</doc>
<status status="PASS" start="2026-03-11T17:12:41.660362" elapsed="0.001386"/>
</kw>
<var name="${i}">8</var>
<var name="${locator}">//input[@name="password"]</var>
<status status="PASS" start="2026-03-11T17:12:41.377478" elapsed="0.284368"/>
</iter>
<iter>
<kw name="Mouse Over" owner="SeleniumLibrary">
<msg time="2026-03-11T17:12:41.662802" level="INFO">Simulating Mouse Over on element '//input[@name="confirm_password"]'.</msg>
<arg>${locator}</arg>
<doc>Simulates hovering the mouse over the element ``locator``.</doc>
<status status="PASS" start="2026-03-11T17:12:41.662466" elapsed="0.266803"/>
</kw>
<kw name="Get Value" owner="SeleniumLibrary">
<msg time="2026-03-11T17:12:41.945754" level="INFO">${value_text} = RCQBrkya</msg>
<var>${value_text}</var>
<arg>${locator}</arg>
<doc>Returns the value attribute of the element identified by ``locator``.</doc>
<status status="PASS" start="2026-03-11T17:12:41.929608" elapsed="0.016296"/>
</kw>
<if>
<branch type="IF" condition="'${locator}' == '${cust_txt_birthday}'">
<kw name="Format Birthday" owner="Customer">
<var>${value_text}</var>
<arg>${value_text}</arg>
<status status="NOT RUN" start="2026-03-11T17:12:41.947243" elapsed="0.000124"/>
</kw>
<status status="NOT RUN" start="2026-03-11T17:12:41.946276" elapsed="0.001242"/>
</branch>
<status status="PASS" start="2026-03-11T17:12:41.946187" elapsed="0.001459"/>
</if>
<kw name="Should Be Equal As Strings" owner="BuiltIn">
<arg>${expected_values[${i}]}</arg>
<arg>${value_text}</arg>
<doc>Fails if objects are unequal after converting them to strings.</doc>
<status status="PASS" start="2026-03-11T17:12:41.947965" elapsed="0.002709"/>
</kw>
<var name="${i}">9</var>
<var name="${locator}">//input[@name="confirm_password"]</var>
<status status="PASS" start="2026-03-11T17:12:41.662145" elapsed="0.288705"/>
</iter>
<var>${i}</var>
<var>${locator}</var>
<value>@{locators}</value>
<status status="PASS" start="2026-03-11T17:12:39.079590" elapsed="2.871468"/>
</for>
<arg>${user}</arg>
<status status="PASS" start="2026-03-11T17:12:34.314361" elapsed="7.636982"/>
</kw>
<kw name="Log To Console" owner="BuiltIn">
<arg>--- Verified Successfully ${user['first_name']} ${user['last_name']} ---</arg>
<doc>Logs the given message to the console.</doc>
<status status="PASS" start="2026-03-11T17:12:41.951724" elapsed="0.003650"/>
</kw>
<kw name="Evaluate" owner="BuiltIn">
<msg time="2026-03-11T17:12:41.957057" level="INFO">${row_number} = 6</msg>
<var>${row_number}</var>
<arg>${row_number}+1</arg>
<doc>Evaluates the given expression in Python and returns the result.</doc>
<status status="PASS" start="2026-03-11T17:12:41.955842" elapsed="0.001324"/>
</kw>
<var name="${user}">{'id': 10, 'username': 'Moriah.Stanton', 'email': 'Rey.Padberg@karina.biz', 'address': {'street': 'Kattie Turnpike', 'suite': 'Suite 198', 'city': 'Lebsackbury', 'zipcode': '31428-2261', 'geo': {'lat'...</var>
<status status="PASS" start="2026-03-11T17:12:22.807129" elapsed="19.150210"/>
</iter>
<var>${user}</var>
<value>@{users}</value>
<status status="PASS" start="2026-03-11T17:11:05.932686" elapsed="96.024820"/>
</for>
<arg>@{USERS}[5:10]</arg>
<status status="PASS" start="2026-03-11T17:11:05.930984" elapsed="96.026791"/>
</kw>
<doc>TASK 2: Use API users 6-10 (index 5-9) to overwrite table rows 6-10.
For each row: replace all fields, then verify name, email, and all details.</doc>
<status status="PASS" start="2026-03-11T17:11:05.929788" elapsed="96.028474"/>
</test>
<kw name="Capture Page Screenshot" owner="SeleniumLibrary" type="TEARDOWN">
<msg time="2026-03-11T17:12:42.083531" level="INFO" html="true">&lt;/td&gt;&lt;/tr&gt;&lt;tr&gt;&lt;td colspan="3"&gt;&lt;a href="selenium-screenshot-120.png"&gt;&lt;img src="selenium-screenshot-120.png" width="800px"&gt;&lt;/a&gt;</msg>
<doc>Takes a screenshot of the current page and embeds it into a log file.</doc>
<status status="PASS" start="2026-03-11T17:12:41.959838" elapsed="0.123855"/>
</kw>
<status status="PASS" start="2026-03-11T17:11:01.950172" elapsed="100.133617"/>
</suite>
<statistics>
<total>
<stat pass="1" fail="0" skip="0">All Tests</stat>
</total>
<tag>
</tag>
<suite>
<stat name="Test" id="s1" pass="1" fail="0" skip="0">Test</stat>
</suite>
</statistics>
<errors>
</errors>
</robot>
